SF:/home/anthony/RiderProjects/TextGame/Program.cs
FN:4,System.Void Program::<Main>$(System.String[])
FNDA:0,System.Void Program::<Main>$(System.String[])
DA:5,0
DA:6,0
DA:8,0
DA:10,0
DA:11,0
DA:12,0
DA:14,0
DA:15,0
DA:16,0
DA:17,0
LF:10
LH:0
BRF:0
BRH:0
FNF:1
FNH:0
end_of_record
SF:/home/anthony/RiderProjects/TextGame/Systems/InventoryManager.cs
FN:14,System.Boolean Dungnz.Systems.InventoryManager::TakeItem(Dungnz.Models.Player,Dungnz.Models.Room,System.String)
FNDA:2,System.Boolean Dungnz.Systems.InventoryManager::TakeItem(Dungnz.Models.Player,Dungnz.Models.Room,System.String)
DA:15,2
DA:16,3
DA:17,2
DA:18,1
DA:19,1
DA:20,1
DA:23,1
DA:24,1
DA:25,1
DA:26,1
DA:27,2
BRDA:17,44,0,1
BRDA:17,44,1,1
FN:29,Dungnz.Models.UseResult Dungnz.Systems.InventoryManager::UseItem(Dungnz.Models.Player,System.String)
FNDA:6,Dungnz.Models.UseResult Dungnz.Systems.InventoryManager::UseItem(Dungnz.Models.Player,System.String)
DA:30,6
DA:31,11
DA:32,7
DA:34,5
DA:37,2
DA:38,2
DA:39,2
DA:40,2
DA:43,1
DA:44,1
DA:45,1
DA:46,1
DA:49,1
DA:50,1
DA:51,1
DA:52,1
DA:55,1
DA:57,6
BRDA:32,44,0,1
BRDA:32,44,1,5
BRDA:34,67,3,2
BRDA:34,67,1,1
BRDA:34,67,2,1
BRDA:34,67,0,1
FN:8,System.Void Dungnz.Systems.InventoryManager::.ctor(Dungnz.Display.DisplayService)
FNDA:8,System.Void Dungnz.Systems.InventoryManager::.ctor(Dungnz.Display.DisplayService)
DA:9,8
DA:10,8
DA:11,8
DA:12,8
LF:33
LH:33
BRF:8
BRH:8
FNF:3
FNH:3
end_of_record
SF:/home/anthony/RiderProjects/TextGame/Systems/Enemies/DarkKnight.cs
FN:5,System.Void Dungnz.Systems.Enemies.DarkKnight::.ctor()
FNDA:53,System.Void Dungnz.Systems.Enemies.DarkKnight::.ctor()
DA:6,53
DA:7,53
DA:8,53
DA:9,53
DA:10,53
DA:11,53
DA:12,53
DA:13,53
DA:14,53
DA:15,53
DA:16,53
DA:17,53
DA:18,53
DA:19,53
DA:20,53
DA:21,53
DA:22,53
DA:23,53
DA:24,53
DA:25,53
DA:26,53
DA:27,53
DA:28,53
LF:23
LH:23
BRF:0
BRH:0
FNF:1
FNH:1
end_of_record
SF:/home/anthony/RiderProjects/TextGame/Systems/Enemies/DungeonBoss.cs
FN:5,System.Void Dungnz.Systems.Enemies.DungeonBoss::.ctor()
FNDA:13,System.Void Dungnz.Systems.Enemies.DungeonBoss::.ctor()
DA:6,13
DA:7,13
DA:8,13
DA:9,13
DA:10,13
DA:11,13
DA:12,13
DA:13,13
DA:14,13
DA:15,13
DA:16,13
DA:17,13
DA:18,13
DA:19,13
DA:20,13
DA:21,13
LF:16
LH:16
BRF:0
BRH:0
FNF:1
FNH:1
end_of_record
SF:/home/anthony/RiderProjects/TextGame/Systems/Enemies/Goblin.cs
FN:5,System.Void Dungnz.Systems.Enemies.Goblin::.ctor()
FNDA:42,System.Void Dungnz.Systems.Enemies.Goblin::.ctor()
DA:6,42
DA:7,42
DA:8,42
DA:9,42
DA:10,42
DA:11,42
DA:12,42
DA:13,42
DA:14,42
LF:9
LH:9
BRF:0
BRH:0
FNF:1
FNH:1
end_of_record
SF:/home/anthony/RiderProjects/TextGame/Systems/Enemies/Skeleton.cs
FN:5,System.Void Dungnz.Systems.Enemies.Skeleton::.ctor()
FNDA:40,System.Void Dungnz.Systems.Enemies.Skeleton::.ctor()
DA:6,40
DA:7,40
DA:8,40
DA:9,40
DA:10,40
DA:11,40
DA:12,40
DA:13,40
DA:14,40
DA:15,40
DA:16,40
DA:17,40
DA:18,40
DA:19,40
DA:20,40
DA:21,40
DA:22,40
DA:23,40
DA:24,40
DA:25,40
DA:26,40
DA:27,40
DA:28,40
LF:23
LH:23
BRF:0
BRH:0
FNF:1
FNH:1
end_of_record
SF:/home/anthony/RiderProjects/TextGame/Systems/Enemies/Troll.cs
FN:5,System.Void Dungnz.Systems.Enemies.Troll::.ctor()
FNDA:38,System.Void Dungnz.Systems.Enemies.Troll::.ctor()
DA:6,38
DA:7,38
DA:8,38
DA:9,38
DA:10,38
DA:11,38
DA:12,38
DA:13,38
DA:14,38
DA:15,38
DA:16,38
DA:17,38
DA:18,38
DA:19,38
DA:20,38
DA:21,38
LF:16
LH:16
BRF:0
BRH:0
FNF:1
FNH:1
end_of_record
SF:/home/anthony/RiderProjects/TextGame/Models/Enemy.cs
FN:4,System.String Dungnz.Models.Enemy::get_Name()
FNDA:455,System.String Dungnz.Models.Enemy::get_Name()
DA:5,455
FN:5,System.Int32 Dungnz.Models.Enemy::get_HP()
FNDA:265,System.Int32 Dungnz.Models.Enemy::get_HP()
DA:6,265
FN:6,System.Int32 Dungnz.Models.Enemy::get_MaxHP()
FNDA:225,System.Int32 Dungnz.Models.Enemy::get_MaxHP()
DA:7,225
FN:7,System.Int32 Dungnz.Models.Enemy::get_Attack()
FNDA:214,System.Int32 Dungnz.Models.Enemy::get_Attack()
DA:8,214
FN:8,System.Int32 Dungnz.Models.Enemy::get_Defense()
FNDA:221,System.Int32 Dungnz.Models.Enemy::get_Defense()
DA:9,221
FN:9,System.Int32 Dungnz.Models.Enemy::get_XPValue()
FNDA:227,System.Int32 Dungnz.Models.Enemy::get_XPValue()
DA:10,227
FN:10,Dungnz.Models.LootTable Dungnz.Models.Enemy::get_LootTable()
FNDA:662,Dungnz.Models.LootTable Dungnz.Models.Enemy::get_LootTable()
DA:11,662
LF:7
LH:7
BRF:0
BRH:0
FNF:7
FNH:7
end_of_record
SF:/home/anthony/RiderProjects/TextGame/Models/Item.cs
FN:4,System.String Dungnz.Models.Item::get_Name()
FNDA:708,System.String Dungnz.Models.Item::get_Name()
DA:5,708
FN:5,Dungnz.Models.ItemType Dungnz.Models.Item::get_Type()
FNDA:342,Dungnz.Models.ItemType Dungnz.Models.Item::get_Type()
DA:6,342
FN:6,System.Int32 Dungnz.Models.Item::get_StatModifier()
FNDA:13,System.Int32 Dungnz.Models.Item::get_StatModifier()
DA:7,13
FN:7,System.String Dungnz.Models.Item::get_Description()
FNDA:666,System.String Dungnz.Models.Item::get_Description()
DA:8,666
FN:8,System.Int32 Dungnz.Models.Item::get_AttackBonus()
FNDA:118,System.Int32 Dungnz.Models.Item::get_AttackBonus()
DA:9,118
FN:9,System.Int32 Dungnz.Models.Item::get_DefenseBonus()
FNDA:104,System.Int32 Dungnz.Models.Item::get_DefenseBonus()
DA:10,104
FN:10,System.Int32 Dungnz.Models.Item::get_HealAmount()
FNDA:102,System.Int32 Dungnz.Models.Item::get_HealAmount()
DA:11,102
FN:12,System.Boolean Dungnz.Models.Item::get_IsEquippable()
FNDA:0,System.Boolean Dungnz.Models.Item::get_IsEquippable()
DA:13,0
BRDA:13,9,1,0
BRDA:13,9,0,0
LF:8
LH:7
BRF:2
BRH:0
FNF:8
FNH:7
end_of_record
SF:/home/anthony/RiderProjects/TextGame/Models/LootResult.cs
FN:4,Dungnz.Models.Item Dungnz.Models.LootResult::get_Item()
FNDA:158,Dungnz.Models.Item Dungnz.Models.LootResult::get_Item()
DA:5,158
FN:5,System.Int32 Dungnz.Models.LootResult::get_Gold()
FNDA:171,System.Int32 Dungnz.Models.LootResult::get_Gold()
DA:6,171
LF:2
LH:2
BRF:0
BRH:0
FNF:2
FNH:2
end_of_record
SF:/home/anthony/RiderProjects/TextGame/Models/LootTable.cs
FN:17,System.Void Dungnz.Models.LootTable::AddDrop(Dungnz.Models.Item,System.Double)
FNDA:242,System.Void Dungnz.Models.LootTable::AddDrop(Dungnz.Models.Item,System.Double)
DA:18,242
DA:19,242
DA:20,242
FN:22,Dungnz.Models.LootResult Dungnz.Models.LootTable::RollDrop(Dungnz.Models.Enemy)
FNDA:105,Dungnz.Models.LootResult Dungnz.Models.LootTable::RollDrop(Dungnz.Models.Enemy)
DA:23,105
DA:24,105
DA:26,105
DA:27,377
DA:28,42
DA:29,42
DA:30,22
DA:31,22
DA:32,22
DA:34,20
DA:36,105
DA:37,105
BRDA:24,13,0,52
BRDA:24,13,1,53
BRDA:27,122,1,42
BRDA:29,107,0,22
BRDA:29,107,1,20
BRDA:27,122,0,105
FN:4,System.Void Dungnz.Models.LootTable::.ctor(System.Random,System.Int32,System.Int32)
FNDA:215,System.Void Dungnz.Models.LootTable::.ctor(System.Random,System.Int32,System.Int32)
DA:5,215
DA:10,215
DA:11,215
DA:12,215
DA:13,215
DA:14,215
DA:15,215
BRDA:12,22,0,208
BRDA:12,22,1,215
LF:22
LH:22
BRF:8
BRH:8
FNF:3
FNH:3
end_of_record
SF:/home/anthony/RiderProjects/TextGame/Models/Player.cs
FN:4,System.String Dungnz.Models.Player::get_Name()
FNDA:77,System.String Dungnz.Models.Player::get_Name()
DA:5,77
FN:5,System.Int32 Dungnz.Models.Player::get_HP()
FNDA:144,System.Int32 Dungnz.Models.Player::get_HP()
DA:6,144
FN:6,System.Int32 Dungnz.Models.Player::get_MaxHP()
FNDA:121,System.Int32 Dungnz.Models.Player::get_MaxHP()
DA:7,121
FN:7,System.Int32 Dungnz.Models.Player::get_Attack()
FNDA:110,System.Int32 Dungnz.Models.Player::get_Attack()
DA:8,110
FN:8,System.Int32 Dungnz.Models.Player::get_Defense()
FNDA:102,System.Int32 Dungnz.Models.Player::get_Defense()
DA:9,102
FN:9,System.Int32 Dungnz.Models.Player::get_Gold()
FNDA:11,System.Int32 Dungnz.Models.Player::get_Gold()
DA:10,11
FN:10,System.Int32 Dungnz.Models.Player::get_XP()
FNDA:46,System.Int32 Dungnz.Models.Player::get_XP()
DA:11,46
FN:11,System.Int32 Dungnz.Models.Player::get_Level()
FNDA:68,System.Int32 Dungnz.Models.Player::get_Level()
DA:12,68
FN:12,System.Collections.Generic.List`1<Dungnz.Models.Item> Dungnz.Models.Player::get_Inventory()
FNDA:95,System.Collections.Generic.List`1<Dungnz.Models.Item> Dungnz.Models.Player::get_Inventory()
DA:13,95
LF:9
LH:9
BRF:0
BRH:0
FNF:9
FNH:9
end_of_record
SF:/home/anthony/RiderProjects/TextGame/Models/Room.cs
FN:4,System.String Dungnz.Models.Room::get_Description()
FNDA:547,System.String Dungnz.Models.Room::get_Description()
DA:5,547
FN:5,System.Collections.Generic.Dictionary`2<Dungnz.Models.Direction,Dungnz.Models.Room> Dungnz.Models.Room::get_Exits()
FNDA:1243,System.Collections.Generic.Dictionary`2<Dungnz.Models.Direction,Dungnz.Models.Room> Dungnz.Models.Room::get_Exits()
DA:6,1243
FN:6,Dungnz.Models.Enemy Dungnz.Models.Room::get_Enemy()
FNDA:155,Dungnz.Models.Enemy Dungnz.Models.Room::get_Enemy()
DA:7,155
FN:7,System.Collections.Generic.List`1<Dungnz.Models.Item> Dungnz.Models.Room::get_Items()
FNDA:361,System.Collections.Generic.List`1<Dungnz.Models.Item> Dungnz.Models.Room::get_Items()
DA:8,361
FN:8,System.Boolean Dungnz.Models.Room::get_IsExit()
FNDA:21,System.Boolean Dungnz.Models.Room::get_IsExit()
DA:9,21
FN:9,System.Boolean Dungnz.Models.Room::get_Visited()
FNDA:23,System.Boolean Dungnz.Models.Room::get_Visited()
DA:10,23
FN:10,System.Boolean Dungnz.Models.Room::get_Looted()
FNDA:0,System.Boolean Dungnz.Models.Room::get_Looted()
DA:11,0
LF:7
LH:6
BRF:0
BRH:0
FNF:7
FNH:6
end_of_record
SF:/home/anthony/RiderProjects/TextGame/Engine/CombatEngine.cs
FN:18,Dungnz.Models.CombatResult Dungnz.Engine.CombatEngine::RunCombat(Dungnz.Models.Player,Dungnz.Models.Enemy)
FNDA:12,Dungnz.Models.CombatResult Dungnz.Engine.CombatEngine::RunCombat(Dungnz.Models.Player,Dungnz.Models.Enemy)
DA:19,12
DA:20,12
DA:22,14
DA:23,14
DA:24,14
DA:25,14
DA:26,14
DA:28,14
DA:29,3
DA:30,3
DA:31,1
DA:32,1
DA:33,1
DA:36,2
DA:37,2
DA:38,2
DA:39,2
DA:40,2
DA:41,3
DA:42,1
DA:46,11
DA:47,11
DA:48,11
DA:50,11
DA:51,9
DA:52,9
DA:54,9
DA:55,9
DA:56,1
DA:57,1
DA:58,1
DA:59,1
DA:60,9
DA:61,1
DA:62,1
DA:63,1
DA:64,1
DA:66,9
DA:67,9
DA:68,9
DA:69,9
DA:72,2
DA:73,2
DA:74,2
DA:76,3
DA:77,1
DA:78,12
BRDA:26,78,0,0
BRDA:26,78,1,14
BRDA:28,108,0,11
BRDA:28,108,1,3
BRDA:28,126,0,3
BRDA:30,158,0,1
BRDA:30,158,1,2
BRDA:41,336,0,1
BRDA:28,126,1,11
BRDA:50,493,0,9
BRDA:55,560,0,1
BRDA:55,560,1,9
BRDA:60,669,0,1
BRDA:60,669,1,9
BRDA:50,493,1,2
BRDA:76,972,0,1
BRDA:76,972,1,1
BRDA:41,336,1,14
FN:80,System.Void Dungnz.Engine.CombatEngine::CheckLevelUp(Dungnz.Models.Player)
FNDA:9,System.Void Dungnz.Engine.CombatEngine::CheckLevelUp(Dungnz.Models.Player)
DA:81,9
DA:82,9
DA:83,9
DA:84,1
DA:85,1
DA:86,1
DA:87,1
DA:88,1
DA:89,1
DA:90,1
DA:91,1
DA:92,9
BRDA:83,24,0,1
BRDA:83,24,1,9
FN:10,System.Void Dungnz.Engine.CombatEngine::.ctor(Dungnz.Display.DisplayService,Dungnz.Engine.IInputReader,System.Random)
FNDA:12,System.Void Dungnz.Engine.CombatEngine::.ctor(Dungnz.Display.DisplayService,Dungnz.Engine.IInputReader,System.Random)
DA:11,12
DA:12,12
DA:13,12
DA:14,12
DA:15,12
DA:16,12
BRDA:14,18,0,0
BRDA:14,18,1,12
BRDA:15,34,0,0
BRDA:15,34,1,12
LF:65
LH:65
BRF:24
BRH:21
FNF:3
FNH:3
end_of_record
SF:/home/anthony/RiderProjects/TextGame/Engine/CommandParser.cs
FN:18,Dungnz.Engine.CommandType Dungnz.Engine.ParsedCommand::get_Type()
FNDA:156,Dungnz.Engine.CommandType Dungnz.Engine.ParsedCommand::get_Type()
DA:19,156
FN:19,System.String Dungnz.Engine.ParsedCommand::get_Argument()
FNDA:142,System.String Dungnz.Engine.ParsedCommand::get_Argument()
DA:20,142
FN:25,Dungnz.Engine.ParsedCommand Dungnz.Engine.CommandParser::Parse(System.String)
FNDA:78,Dungnz.Engine.ParsedCommand Dungnz.Engine.CommandParser::Parse(System.String)
DA:26,78
DA:27,78
DA:28,78
DA:29,2
DA:30,2
DA:33,76
DA:34,76
DA:35,76
DA:37,76
DA:38,76
DA:39,2
DA:40,8
DA:41,3
DA:42,3
DA:43,3
DA:44,3
DA:45,5
DA:46,4
DA:47,4
DA:48,6
DA:49,3
DA:50,6
DA:51,23
DA:52,3
DA:53,76
DA:54,78
BRDA:28,18,0,2
BRDA:28,18,1,76
BRDA:35,66,0,62
BRDA:35,66,1,14
BRDA:37,98,0,52
BRDA:37,110,0,18
BRDA:37,119,0,7
BRDA:37,128,0,5
BRDA:37,142,0,2
BRDA:37,119,1,11
BRDA:37,173,0,7
BRDA:37,187,0,3
BRDA:37,110,1,34
BRDA:37,218,0,24
BRDA:37,227,0,22
BRDA:37,241,0,1
BRDA:37,218,1,10
BRDA:37,272,0,5
BRDA:37,281,0,4
BRDA:37,272,1,5
BRDA:37,312,0,3
BRDA:37,98,1,24
BRDA:37,343,0,16
BRDA:37,352,0,10
BRDA:37,361,0,9
BRDA:37,375,0,8
BRDA:37,352,1,6
BRDA:37,406,0,3
BRDA:37,415,0,2
BRDA:37,406,1,3
BRDA:37,446,0,2
BRDA:37,343,1,8
BRDA:37,477,0,3
BRDA:37,486,0,2
BRDA:37,500,0,1
BRDA:37,477,1,5
BRDA:37,531,0,2
BRDA:37,540,0,1
BRDA:37,531,1,3
BRDA:37,571,0,2
BRDA:37,227,1,2
BRDA:37,389,1,7
BRDA:37,486,1,1
BRDA:37,156,1,2
BRDA:37,571,1,1
BRDA:37,128,1,2
BRDA:37,415,1,1
BRDA:37,460,1,2
BRDA:37,540,1,1
BRDA:37,429,1,2
BRDA:37,446,1,1
BRDA:37,173,1,4
BRDA:37,255,1,1
BRDA:37,142,1,3
BRDA:37,281,1,1
BRDA:37,295,1,4
BRDA:37,582,1,2
BRDA:37,326,1,3
BRDA:37,500,1,1
BRDA:37,312,1,2
BRDA:37,361,1,1
BRDA:37,187,1,4
BRDA:37,201,1,1
BRDA:37,514,1,1
BRDA:37,241,1,21
BRDA:37,375,1,1
BRDA:37,554,1,1
BRDA:37,603,1,2
BRDA:37,624,1,8
BRDA:37,645,1,8
BRDA:37,666,1,3
BRDA:37,687,1,3
BRDA:37,708,1,3
BRDA:37,729,1,3
BRDA:37,750,1,3
BRDA:37,771,1,3
BRDA:37,792,1,3
BRDA:37,813,1,3
BRDA:37,834,1,5
BRDA:37,855,1,5
BRDA:37,876,1,4
BRDA:37,897,1,4
BRDA:37,918,1,4
BRDA:37,939,1,6
BRDA:37,960,1,6
BRDA:37,981,1,6
BRDA:37,1002,1,3
BRDA:37,1023,1,3
BRDA:37,1044,1,6
BRDA:37,1065,1,6
BRDA:37,1086,1,6
BRDA:37,1107,1,23
BRDA:37,1128,1,23
BRDA:37,1149,1,23
BRDA:37,156,0,3
BRDA:37,201,0,3
BRDA:37,255,0,3
BRDA:37,295,0,3
BRDA:37,326,0,3
BRDA:37,389,0,3
BRDA:37,429,0,3
BRDA:37,460,0,3
BRDA:37,514,0,3
BRDA:37,554,0,3
BRDA:37,582,0,3
BRDA:37,603,0,3
BRDA:37,624,0,3
BRDA:37,645,0,3
BRDA:37,666,0,3
BRDA:37,687,0,3
BRDA:37,708,0,3
BRDA:37,729,0,3
BRDA:37,750,0,3
BRDA:37,771,0,3
BRDA:37,792,0,3
BRDA:37,813,0,3
BRDA:37,834,0,3
BRDA:37,855,0,3
BRDA:37,876,0,3
BRDA:37,897,0,3
BRDA:37,918,0,3
BRDA:37,939,0,3
BRDA:37,960,0,3
BRDA:37,981,0,3
BRDA:37,1002,0,3
BRDA:37,1023,0,3
BRDA:37,1044,0,3
BRDA:37,1065,0,3
BRDA:37,1086,0,3
BRDA:37,1107,0,3
BRDA:37,1128,0,3
BRDA:37,1149,0,3
LF:28
LH:28
BRF:132
BRH:132
FNF:3
FNH:3
end_of_record
SF:/home/anthony/RiderProjects/TextGame/Engine/DungeonGenerator.cs
FN:27,System.ValueTuple`2<Dungnz.Models.Room,Dungnz.Models.Room> Dungnz.Engine.DungeonGenerator::Generate(System.Int32,System.Int32)
FNDA:11,System.ValueTuple`2<Dungnz.Models.Room,Dungnz.Models.Room> Dungnz.Engine.DungeonGenerator::Generate(System.Int32,System.Int32)
DA:28,11
DA:30,11
DA:31,110
DA:32,44
DA:33,528
DA:34,220
DA:35,220
DA:36,220
DA:37,220
DA:38,220
DA:39,220
DA:40,44
DA:43,110
DA:44,44
DA:45,528
DA:46,220
DA:47,220
DA:50,220
DA:51,165
DA:52,165
DA:53,165
DA:54,165
DA:55,165
DA:58,220
DA:59,176
DA:60,176
DA:61,176
DA:62,176
DA:63,176
DA:64,220
DA:65,44
DA:68,11
DA:69,11
DA:70,11
DA:71,11
DA:74,11
DA:77,110
DA:78,44
DA:79,528
DA:80,220
DA:81,220
DA:82,242
DA:84,198
DA:85,108
DA:86,108
DA:87,108
DA:88,198
DA:89,44
DA:92,110
DA:93,44
DA:94,528
DA:95,220
DA:96,220
DA:97,220
DA:98,84
DA:99,84
DA:100,84
DA:101,220
DA:102,44
DA:105,11
DA:106,0
DA:109,0
DA:111,11
DA:112,11
BRDA:31,96,1,44
BRDA:33,81,1,220
BRDA:33,81,0,44
BRDA:31,96,0,11
BRDA:43,285,1,44
BRDA:45,264,1,220
BRDA:50,137,0,165
BRDA:50,137,1,220
BRDA:58,198,0,176
BRDA:58,198,1,220
BRDA:45,264,0,44
BRDA:43,285,0,11
BRDA:77,478,1,44
BRDA:79,460,1,220
BRDA:82,377,0,209
BRDA:82,377,1,11
BRDA:82,391,1,198
BRDA:84,421,0,108
BRDA:84,421,1,198
BRDA:82,391,0,220
BRDA:79,460,0,44
BRDA:77,478,0,11
BRDA:92,587,1,44
BRDA:94,569,1,220
BRDA:97,530,0,84
BRDA:97,530,1,220
BRDA:94,569,0,44
BRDA:92,587,0,11
BRDA:105,604,0,0
BRDA:105,604,1,11
FN:114,Dungnz.Models.Item Dungnz.Engine.DungeonGenerator::CreateRandomItem()
FNDA:84,Dungnz.Models.Item Dungnz.Engine.DungeonGenerator::CreateRandomItem()
DA:115,84
DA:116,84
DA:117,84
DA:118,84
DA:119,29
DA:120,29
DA:121,29
DA:122,29
DA:123,29
DA:124,29
DA:125,29
DA:126,20
DA:127,20
DA:128,20
DA:129,20
DA:130,20
DA:131,20
DA:132,20
DA:133,9
DA:134,9
DA:135,9
DA:136,9
DA:137,9
DA:138,9
DA:139,9
DA:140,26
DA:141,26
DA:142,26
DA:143,26
DA:144,26
DA:145,26
DA:146,26
DA:147,84
DA:148,84
BRDA:117,19,1,29
BRDA:117,19,2,20
BRDA:117,19,3,9
BRDA:117,19,0,26
FN:150,System.Boolean Dungnz.Engine.DungeonGenerator::PathExists(Dungnz.Models.Room,Dungnz.Models.Room)
FNDA:11,System.Boolean Dungnz.Engine.DungeonGenerator::PathExists(Dungnz.Models.Room,Dungnz.Models.Room)
DA:151,11
DA:152,11
DA:153,11
DA:154,11
DA:155,11
DA:157,220
DA:158,220
DA:159,220
DA:160,231
DA:162,1947
DA:163,660
DA:164,660
DA:165,209
DA:166,209
DA:167,209
DA:168,209
DA:169,660
DA:170,209
DA:172,0
DA:173,11
BRDA:157,161,1,220
BRDA:160,45,0,11
BRDA:160,45,1,209
BRDA:162,128,1,660
BRDA:164,98,0,209
BRDA:164,98,1,660
BRDA:162,128,0,209
BRDA:157,161,0,0
FN:21,System.Void Dungnz.Engine.DungeonGenerator::.ctor(System.Nullable`1<System.Int32>)
FNDA:11,System.Void Dungnz.Engine.DungeonGenerator::.ctor(System.Nullable`1<System.Int32>)
DA:22,11
DA:23,11
DA:24,11
DA:25,11
BRDA:24,16,0,0
BRDA:24,16,1,11
FN:7,System.Void Dungnz.Engine.DungeonGenerator::.cctor()
FNDA:1,System.Void Dungnz.Engine.DungeonGenerator::.cctor()
DA:8,1
DA:9,1
DA:10,1
DA:11,1
DA:12,1
DA:13,1
DA:14,1
DA:15,1
DA:16,1
DA:17,1
DA:18,1
DA:19,1
DA:20,1
LF:135
LH:132
BRF:44
BRH:41
FNF:5
FNH:5
end_of_record
SF:/home/anthony/RiderProjects/TextGame/Engine/EnemyFactory.cs
FN:8,Dungnz.Models.Enemy Dungnz.Engine.EnemyFactory::CreateRandom(System.Random)
FNDA:169,Dungnz.Models.Enemy Dungnz.Engine.EnemyFactory::CreateRandom(System.Random)
DA:9,169
DA:10,169
DA:11,169
DA:12,169
DA:13,41
DA:14,39
DA:15,37
DA:16,52
DA:17,169
DA:18,169
BRDA:11,14,1,41
BRDA:11,14,2,39
BRDA:11,14,3,37
BRDA:11,14,0,52
FN:20,Dungnz.Models.Enemy Dungnz.Engine.EnemyFactory::CreateBoss(System.Random)
FNDA:12,Dungnz.Models.Enemy Dungnz.Engine.EnemyFactory::CreateBoss(System.Random)
DA:21,12
DA:22,12
DA:23,12
LF:13
LH:13
BRF:4
BRH:4
FNF:2
FNH:2
end_of_record
SF:/home/anthony/RiderProjects/TextGame/Engine/GameLoop.cs
FN:22,System.Void Dungnz.Engine.GameLoop::Run(Dungnz.Models.Player,Dungnz.Models.Room)
FNDA:20,System.Void Dungnz.Engine.GameLoop::Run(Dungnz.Models.Player,Dungnz.Models.Room)
DA:23,20
DA:24,20
DA:25,20
DA:26,20
DA:27,20
DA:28,20
DA:30,39
DA:31,39
DA:32,39
DA:33,39
DA:34,39
DA:36,39
DA:39,6
DA:40,6
DA:42,1
DA:43,1
DA:45,3
DA:46,3
DA:48,2
DA:49,2
DA:51,3
DA:52,3
DA:54,1
DA:55,1
DA:57,1
DA:58,1
DA:60,1
DA:61,1
DA:63,20
DA:64,20
DA:66,1
DA:67,1
DA:69,19
DA:70,20
BRDA:33,88,0,0
BRDA:33,88,1,39
BRDA:36,114,1,6
BRDA:36,114,2,1
BRDA:36,114,3,3
BRDA:36,114,4,2
BRDA:36,114,5,3
BRDA:36,114,6,1
BRDA:36,114,7,1
BRDA:36,114,8,1
BRDA:36,114,9,20
BRDA:36,114,0,1
FN:72,System.Void Dungnz.Engine.GameLoop::HandleGo(System.String)
FNDA:6,System.Void Dungnz.Engine.GameLoop::HandleGo(System.String)
DA:73,6
DA:74,6
DA:75,1
DA:76,1
DA:77,1
DA:81,5
DA:85,5
DA:86,5
DA:89,0
DA:90,0
DA:93,0
DA:94,0
DA:97,0
DA:98,0
DA:100,0
DA:101,0
DA:104,5
DA:105,1
DA:106,1
DA:107,1
DA:111,4
DA:112,1
DA:113,1
DA:114,1
DA:118,3
DA:119,3
DA:120,3
DA:123,3
DA:124,1
DA:125,1
DA:127,1
DA:128,1
DA:129,1
DA:130,1
DA:133,0
DA:134,0
DA:135,0
DA:136,0
DA:137,0
DA:140,2
DA:141,1
DA:142,1
DA:143,1
DA:145,6
BRDA:74,9,0,1
BRDA:74,9,1,5
BRDA:81,60,0,5
BRDA:81,69,0,0
BRDA:81,78,0,0
BRDA:81,69,1,5
BRDA:81,106,0,0
BRDA:81,60,1,0
BRDA:81,134,0,0
BRDA:81,143,0,0
BRDA:81,134,1,0
BRDA:81,171,0,0
BRDA:81,106,1,5
BRDA:81,157,1,0
BRDA:81,92,1,0
BRDA:81,182,1,0
BRDA:81,78,1,0
BRDA:81,117,1,0
BRDA:81,143,1,0
BRDA:81,171,1,0
BRDA:81,200,1,5
BRDA:81,215,1,5
BRDA:81,230,1,0
BRDA:81,245,1,0
BRDA:81,260,1,0
BRDA:81,275,1,0
BRDA:81,290,1,0
BRDA:81,305,1,0
BRDA:81,92,0,0
BRDA:81,117,0,0
BRDA:81,157,0,0
BRDA:81,182,0,0
BRDA:81,200,0,0
BRDA:81,215,0,0
BRDA:81,230,0,0
BRDA:81,245,0,0
BRDA:81,260,0,0
BRDA:81,275,0,0
BRDA:81,290,0,0
BRDA:81,305,0,0
BRDA:104,379,0,1
BRDA:104,379,1,4
BRDA:111,410,0,2
BRDA:111,418,0,1
BRDA:111,410,1,3
BRDA:111,418,1,3
BRDA:111,441,0,1
BRDA:111,441,1,3
BRDA:123,515,0,1
BRDA:123,515,1,2
BRDA:123,543,0,1
BRDA:127,585,0,1
BRDA:127,585,1,0
BRDA:133,616,0,0
BRDA:133,616,1,0
BRDA:123,543,1,2
BRDA:140,645,0,1
BRDA:140,645,1,1
BRDA:140,668,0,1
BRDA:140,668,1,6
FN:147,System.Void Dungnz.Engine.GameLoop::HandleLook()
FNDA:1,System.Void Dungnz.Engine.GameLoop::HandleLook()
DA:148,1
DA:149,1
DA:150,1
FN:152,System.Void Dungnz.Engine.GameLoop::HandleExamine(System.String)
FNDA:3,System.Void Dungnz.Engine.GameLoop::HandleExamine(System.String)
DA:153,3
DA:154,3
DA:155,0
DA:156,0
DA:157,0
DA:160,3
DA:163,3
DA:164,3
DA:165,1
DA:166,1
DA:167,1
DA:171,3
DA:172,2
DA:173,1
DA:174,1
DA:175,1
DA:179,2
DA:180,1
DA:181,1
DA:182,1
DA:183,1
DA:186,0
DA:187,3
BRDA:154,15,0,0
BRDA:154,15,1,3
BRDA:163,63,0,1
BRDA:163,82,0,1
BRDA:163,63,1,2
BRDA:163,82,1,2
BRDA:163,123,0,1
BRDA:163,123,1,2
BRDA:172,372,0,1
BRDA:172,372,1,1
BRDA:180,448,0,1
BRDA:180,448,1,0
FN:189,System.Void Dungnz.Engine.GameLoop::HandleTake(System.String)
FNDA:2,System.Void Dungnz.Engine.GameLoop::HandleTake(System.String)
DA:190,2
DA:191,2
DA:192,0
DA:193,0
DA:194,0
DA:197,2
DA:198,3
DA:200,2
DA:201,1
DA:202,1
DA:203,1
DA:206,1
DA:207,1
DA:208,1
DA:209,2
BRDA:191,15,0,0
BRDA:191,15,1,2
BRDA:200,87,0,1
BRDA:200,87,1,1
FN:211,System.Void Dungnz.Engine.GameLoop::HandleUse(System.String)
FNDA:3,System.Void Dungnz.Engine.GameLoop::HandleUse(System.String)
DA:212,3
DA:213,3
DA:214,0
DA:215,0
DA:216,0
DA:219,3
DA:220,5
DA:222,3
DA:223,1
DA:224,1
DA:225,1
DA:228,2
DA:231,1
DA:232,1
DA:233,1
DA:234,1
DA:235,1
DA:236,1
DA:237,1
DA:239,0
DA:240,0
DA:241,0
DA:242,1
DA:246,1
DA:247,1
DA:248,1
DA:249,1
DA:250,1
DA:253,0
DA:254,0
DA:256,3
BRDA:213,15,0,0
BRDA:213,15,1,3
BRDA:222,87,0,1
BRDA:222,87,1,2
BRDA:228,138,0,1
BRDA:228,148,1,1
BRDA:231,168,0,1
BRDA:231,168,1,0
BRDA:228,138,1,1
BRDA:228,148,0,0
FN:11,System.Void Dungnz.Engine.GameLoop::.ctor(Dungnz.Display.DisplayService,Dungnz.Engine.ICombatEngine,Dungnz.Engine.IInputReader)
FNDA:20,System.Void Dungnz.Engine.GameLoop::.ctor(Dungnz.Display.DisplayService,Dungnz.Engine.ICombatEngine,Dungnz.Engine.IInputReader)
DA:12,20
DA:13,20
DA:15,20
DA:16,20
DA:17,20
DA:18,20
DA:19,20
DA:20,20
BRDA:19,39,0,0
BRDA:19,39,1,20
LF:158
LH:130
BRF:100
BRH:56
FNF:7
FNH:7
end_of_record
SF:/home/anthony/RiderProjects/TextGame/Engine/IInputReader.cs
FN:9,System.String Dungnz.Engine.ConsoleInputReader::ReadLine()
FNDA:0,System.String Dungnz.Engine.ConsoleInputReader::ReadLine()
DA:10,0
LF:1
LH:0
BRF:0
BRH:0
FNF:1
FNH:0
end_of_record
SF:/home/anthony/RiderProjects/TextGame/Engine/StubCombatEngine.cs
FN:8,Dungnz.Models.CombatResult Dungnz.Engine.StubCombatEngine::RunCombat(Dungnz.Models.Player,Dungnz.Models.Enemy)
FNDA:1,Dungnz.Models.CombatResult Dungnz.Engine.StubCombatEngine::RunCombat(Dungnz.Models.Player,Dungnz.Models.Enemy)
DA:9,1
DA:11,1
DA:12,1
DA:13,1
LF:4
LH:4
BRF:0
BRH:0
FNF:1
FNH:1
end_of_record
SF:/home/anthony/RiderProjects/TextGame/Display/DisplayService.cs
FN:7,System.Void Dungnz.Display.DisplayService::ShowTitle()
FNDA:0,System.Void Dungnz.Display.DisplayService::ShowTitle()
DA:8,0
DA:9,0
DA:10,0
DA:11,0
DA:12,0
DA:13,0
DA:14,0
DA:15,0
FN:17,System.Void Dungnz.Display.DisplayService::ShowRoom(Dungnz.Models.Room)
FNDA:4,System.Void Dungnz.Display.DisplayService::ShowRoom(Dungnz.Models.Room)
DA:18,4
DA:19,4
DA:20,4
DA:21,4
DA:23,4
DA:24,1
DA:25,1
DA:26,1
DA:27,1
DA:29,4
DA:30,1
DA:31,1
DA:32,1
DA:34,4
DA:35,1
DA:36,2
DA:37,1
DA:39,4
DA:40,4
BRDA:23,41,0,1
BRDA:23,41,1,4
BRDA:29,94,0,1
BRDA:29,94,1,4
BRDA:34,146,0,1
BRDA:34,146,1,4
FN:42,System.Void Dungnz.Display.DisplayService::ShowCombat(System.String)
FNDA:1,System.Void Dungnz.Display.DisplayService::ShowCombat(System.String)
DA:43,1
DA:44,1
DA:45,1
FN:47,System.Void Dungnz.Display.DisplayService::ShowCombatStatus(Dungnz.Models.Player,Dungnz.Models.Enemy)
FNDA:1,System.Void Dungnz.Display.DisplayService::ShowCombatStatus(Dungnz.Models.Player,Dungnz.Models.Enemy)
DA:48,1
DA:49,1
DA:50,1
DA:51,1
DA:52,1
FN:54,System.Void Dungnz.Display.DisplayService::ShowCombatMessage(System.String)
FNDA:1,System.Void Dungnz.Display.DisplayService::ShowCombatMessage(System.String)
DA:55,1
DA:56,1
DA:57,1
FN:59,System.Void Dungnz.Display.DisplayService::ShowPlayerStats(Dungnz.Models.Player)
FNDA:1,System.Void Dungnz.Display.DisplayService::ShowPlayerStats(Dungnz.Models.Player)
DA:60,1
DA:61,1
DA:62,1
DA:63,1
DA:64,1
DA:65,1
DA:66,1
DA:67,1
DA:68,1
DA:69,1
DA:70,1
DA:71,1
FN:73,System.Void Dungnz.Display.DisplayService::ShowInventory(Dungnz.Models.Player)
FNDA:2,System.Void Dungnz.Display.DisplayService::ShowInventory(Dungnz.Models.Player)
DA:74,2
DA:75,2
DA:76,2
DA:78,2
DA:79,1
DA:80,1
DA:81,1
DA:83,1
DA:84,5
DA:85,1
DA:86,1
DA:87,1
DA:88,1
DA:90,2
DA:91,2
BRDA:78,34,0,1
BRDA:78,34,1,1
BRDA:84,175,1,1
BRDA:84,175,0,1
FN:93,System.Void Dungnz.Display.DisplayService::ShowLootDrop(Dungnz.Models.Item)
FNDA:1,System.Void Dungnz.Display.DisplayService::ShowLootDrop(Dungnz.Models.Item)
DA:94,1
DA:95,1
DA:96,1
FN:98,System.Void Dungnz.Display.DisplayService::ShowMessage(System.String)
FNDA:1,System.Void Dungnz.Display.DisplayService::ShowMessage(System.String)
DA:99,1
DA:100,1
DA:101,1
FN:103,System.Void Dungnz.Display.DisplayService::ShowError(System.String)
FNDA:1,System.Void Dungnz.Display.DisplayService::ShowError(System.String)
DA:104,1
DA:105,1
DA:106,1
FN:108,System.Void Dungnz.Display.DisplayService::ShowHelp()
FNDA:1,System.Void Dungnz.Display.DisplayService::ShowHelp()
DA:109,1
DA:110,1
DA:111,1
DA:112,1
DA:113,1
DA:114,1
DA:115,1
DA:116,1
DA:117,1
DA:118,1
DA:119,1
DA:120,1
DA:121,1
DA:122,1
DA:123,1
FN:125,System.Void Dungnz.Display.DisplayService::ShowCommandPrompt()
FNDA:1,System.Void Dungnz.Display.DisplayService::ShowCommandPrompt()
DA:126,1
DA:127,1
DA:128,1
FN:130,System.Void Dungnz.Display.DisplayService::ShowCombatPrompt()
FNDA:1,System.Void Dungnz.Display.DisplayService::ShowCombatPrompt()
DA:131,1
DA:132,1
DA:133,1
FN:135,System.String Dungnz.Display.DisplayService::ReadPlayerName()
FNDA:0,System.String Dungnz.Display.DisplayService::ReadPlayerName()
DA:136,0
DA:137,0
DA:138,0
DA:139,0
BRDA:138,18,0,0
BRDA:138,18,1,0
LF:99
LH:87
BRF:12
BRH:10
FNF:14
FNH:12
end_of_record