<?xml version="1.0" encoding="utf-8"?>
<TestRun id="4e04a80f-f9fb-4888-aaea-bfb9fe3e6c1c" name="@anthony-nobara-pc 2026-02-23 22:25:07" xmlns="http://microsoft.com/schemas/VisualStudio/TeamTest/2010">
  <Times creation="2026-02-23T22:25:07.0859864-06:00" queuing="2026-02-23T22:25:07.0859865-06:00" start="2026-02-23T22:25:06.3828849-06:00" finish="2026-02-23T22:25:07.5928733-06:00" />
  <TestSettings name="default" id="d7786616-fba1-414f-8fe2-9dd489083204">
    <Deployment runDeploymentRoot="_anthony-nobara-pc_2026-02-23_22_25_07" />
  </TestSettings>
  <Results>
    <UnitTestResult executionId="d9d07da5-446d-4d33-83e9-1e06b509544e" testId="af490c97-e608-3561-5465-2681f754a55e" testName="Dungnz.Tests.EquipmentSystemTests.EquipNewWeapon_ReplacesOldOne" computerName="anthony-nobara-pc" duration="00:00:00.0003750" startTime="2026-02-23T22:25:07.0678984-06:00" endTime="2026-02-23T22:25:07.0682202-06:00" testType="13cdc9d9-ddb5-4fa4-a97d-d965ccfc6d4b" outcome="Passed" testListId="8c84fa94-04c1-424b-9868-57a2d4851a1d" relativeResultsDirectory="d9d07da5-446d-4d33-83e9-1e06b509544e" />
    <UnitTestResult executionId="c7a76056-a58f-4497-980b-74212a681af8" testId="2fb6579a-d456-2a69-fdb4-76330dab0ff7" testName="Dungnz.Tests.EnemyFactoryTests.CreateRandom_ReturnsValidEnemy" computerName="anthony-nobara-pc" duration="00:00:00.0001186" startTime="2026-02-23T22:25:07.1499910-06:00" endTime="2026-02-23T22:25:07.1500192-06:00" testType="13cdc9d9-ddb5-4fa4-a97d-d965ccfc6d4b" outcome="Passed" testListId="8c84fa94-04c1-424b-9868-57a2d4851a1d" relativeResultsDirectory="c7a76056-a58f-4497-980b-74212a681af8" />
    <UnitTestResult executionId="2ee3fdde-262b-4f72-b54f-fbba8838b1eb" testId="e072069c-27c2-dcaa-60a5-847bdb3c4cd4" testName="Dungnz.Tests.PlayerManaTests.SpendMana_InsufficientMana_ReturnsFalse" computerName="anthony-nobara-pc" duration="00:00:00.0001563" startTime="2026-02-23T22:25:07.1296972-06:00" endTime="2026-02-23T22:25:07.1308141-06:00" testType="13cdc9d9-ddb5-4fa4-a97d-d965ccfc6d4b" outcome="Passed" testListId="8c84fa94-04c1-424b-9868-57a2d4851a1d" relativeResultsDirectory="2ee3fdde-262b-4f72-b54f-fbba8838b1eb" />
    <UnitTestResult executionId="aceb2763-cba4-4f23-b194-18006ab85e60" testId="a2c0ce70-78cd-6fd3-1082-71987b01ddeb" testName="Dungnz.Tests.AbilityManagerTests.GetUnlockedAbilities_Level7_ReturnsAllAbilities" computerName="anthony-nobara-pc" duration="00:00:00.0002857" startTime="2026-02-23T22:25:07.1418949-06:00" endTime="2026-02-23T22:25:07.1420866-06:00" testType="13cdc9d9-ddb5-4fa4-a97d-d965ccfc6d4b" outcome="Passed" testListId="8c84fa94-04c1-424b-9868-57a2d4851a1d" relativeResultsDirectory="aceb2763-cba4-4f23-b194-18006ab85e60" />
    <UnitTestResult executionId="27b6bea4-0061-452a-b5f9-f8b6d1bdd351" testId="0836b7e8-8bd5-458c-640f-d058fb626b11" testName="Dungnz.Tests.Phase3LootPolishTests.ShowItemPickup_At85PercentWeight_ShowsWeightWarning" computerName="anthony-nobara-pc" duration="00:00:00.0001633" startTime="2026-02-23T22:25:07.1573198-06:00" endTime="2026-02-23T22:25:07.1573650-06:00" testType="13cdc9d9-ddb5-4fa4-a97d-d965ccfc6d4b" outcome="Passed" testListId="8c84fa94-04c1-424b-9868-57a2d4851a1d" relativeResultsDirectory="27b6bea4-0061-452a-b5f9-f8b6d1bdd351" />
    <UnitTestResult executionId="1d010631-e2e1-4a38-ad92-1e9725f06d63" testId="9535faec-7b56-3431-d0b7-b82b26ac8b7c" testName="Dungnz.Tests.PlayerTests.Name_CanBeSet" computerName="anthony-nobara-pc" duration="00:00:00.0001538" startTime="2026-02-23T22:25:07.0861065-06:00" endTime="2026-02-23T22:25:07.0861777-06:00" testType="13cdc9d9-ddb5-4fa4-a97d-d965ccfc6d4b" outcome="Passed" testListId="8c84fa94-04c1-424b-9868-57a2d4851a1d" relativeResultsDirectory="1d010631-e2e1-4a38-ad92-1e9725f06d63" />
    <UnitTestResult executionId="adce0b26-8361-4e7a-8d49-b3b618671df1" testId="7c5bc419-b024-87c4-90fd-a53a48d9244d" testName="Dungnz.Tests.Display.ShowEnemyArtTests.ShowEnemyArt_EmptyAsciiArt_DoesNotAddEntryToAllOutput" computerName="anthony-nobara-pc" duration="00:00:00.0009973" startTime="2026-02-23T22:25:07.1477212-06:00" endTime="2026-02-23T22:25:07.1480096-06:00" testType="13cdc9d9-ddb5-4fa4-a97d-d965ccfc6d4b" outcome="Passed" testListId="8c84fa94-04c1-424b-9868-57a2d4851a1d" relativeResultsDirectory="adce0b26-8361-4e7a-8d49-b3b618671df1" />
    <UnitTestResult executionId="d2600726-f11c-47b8-8756-ab2a166085b6" testId="d4648610-c0c7-6012-f1a8-17d5230f3a7d" testName="Dungnz.Tests.InventoryDisplayRegressionTests.ShowLootDrop_CommonItem_NoBrightCyanInOutput" computerName="anthony-nobara-pc" duration="00:00:00.0001843" startTime="2026-02-23T22:25:07.1754403-06:00" endTime="2026-02-23T22:25:07.1755101-06:00" testType="13cdc9d9-ddb5-4fa4-a97d-d965ccfc6d4b" outcome="Passed" testListId="8c84fa94-04c1-424b-9868-57a2d4851a1d" relativeResultsDirectory="d2600726-f11c-47b8-8756-ab2a166085b6" />
    <UnitTestResult executionId="a52cc7ef-38a8-4dac-a6bb-57b7afece09f" testId="82033130-2455-d224-92fe-0d4181a91a04" testName="Dungnz.Tests.InventoryDisplayRegressionTests.ShowItemDetail_UncommonItem_OutputContainsGreen" computerName="anthony-nobara-pc" duration="00:00:00.0001228" startTime="2026-02-23T22:25:07.1776316-06:00" endTime="2026-02-23T22:25:07.1777205-06:00" testType="13cdc9d9-ddb5-4fa4-a97d-d965ccfc6d4b" outcome="Passed" testListId="8c84fa94-04c1-424b-9868-57a2d4851a1d" relativeResultsDirectory="a52cc7ef-38a8-4dac-a6bb-57b7afece09f" />
    <UnitTestResult executionId="70495d17-6928-4a70-9bf9-67c1bce0ad75" testId="62133005-495c-297f-4b5b-0ec939b53b77" testName="Dungnz.Tests.CombatEngineTests.MinimumOneDamageAlwaysDealt" computerName="anthony-nobara-pc" duration="00:00:00.0005691" startTime="2026-02-23T22:25:07.1379540-06:00" endTime="2026-02-23T22:25:07.1381380-06:00" testType="13cdc9d9-ddb5-4fa4-a97d-d965ccfc6d4b" outcome="Passed" testListId="8c84fa94-04c1-424b-9868-57a2d4851a1d" relativeResultsDirectory="70495d17-6928-4a70-9bf9-67c1bce0ad75" />
    <UnitTestResult executionId="31d50917-673f-4ed5-a52e-766cccfca042" testId="420bb605-7efd-7579-330c-6a7d7d6da1f1" testName="Dungnz.Tests.GameLoopTests.GoWithNoExit_GoSouth_ShowsError" computerName="anthony-nobara-pc" duration="00:00:00.0174559" startTime="2026-02-23T22:25:07.2789870-06:00" endTime="2026-02-23T22:25:07.2963323-06:00" testType="13cdc9d9-ddb5-4fa4-a97d-d965ccfc6d4b" outcome="Passed" testListId="8c84fa94-04c1-424b-9868-57a2d4851a1d" relativeResultsDirectory="31d50917-673f-4ed5-a52e-766cccfca042" />
    <UnitTestResult executionId="1241790a-09dc-46a9-92bc-030435e20708" testId="0bd28a36-518d-0997-4536-1bac8f581611" testName="Dungnz.Tests.LootTableTests.FixedGold_ExactAmount" computerName="anthony-nobara-pc" duration="00:00:00.0001628" startTime="2026-02-23T22:25:07.0777580-06:00" endTime="2026-02-23T22:25:07.0780409-06:00" testType="13cdc9d9-ddb5-4fa4-a97d-d965ccfc6d4b" outcome="Passed" testListId="8c84fa94-04c1-424b-9868-57a2d4851a1d" relativeResultsDirectory="1241790a-09dc-46a9-92bc-030435e20708" />
    <UnitTestResult executionId="49af015b-ba8f-4b43-b767-2fd6cac0d92e" testId="6db9604c-ddcb-b7e7-4b9b-8c644cbd6b13" testName="Dungnz.Tests.EnemyFactoryTests.CreateScaled_DarkKnight_Level5" computerName="anthony-nobara-pc" duration="00:00:00.0002799" startTime="2026-02-23T22:25:07.1393286-06:00" endTime="2026-02-23T22:25:07.1396693-06:00" testType="13cdc9d9-ddb5-4fa4-a97d-d965ccfc6d4b" outcome="Passed" testListId="8c84fa94-04c1-424b-9868-57a2d4851a1d" relativeResultsDirectory="49af015b-ba8f-4b43-b767-2fd6cac0d92e" />
    <UnitTestResult executionId="07383244-ea67-4e60-8024-576f1d57cfc7" testId="44f753b9-0394-4701-1b61-1a987d5503dd" testName="Dungnz.Tests.InventoryManagerTests.TryAddItem_SlotsAtMax_ReturnsFalseAndDoesNotAdd" computerName="anthony-nobara-pc" duration="00:00:00.0138721" startTime="2026-02-23T22:25:06.9696517-06:00" endTime="2026-02-23T22:25:07.0532440-06:00" testType="13cdc9d9-ddb5-4fa4-a97d-d965ccfc6d4b" outcome="Passed" testListId="8c84fa94-04c1-424b-9868-57a2d4851a1d" relativeResultsDirectory="07383244-ea67-4e60-8024-576f1d57cfc7" />
    <UnitTestResult executionId="9c40c315-75c0-4c3e-b02a-59e9c9cae63e" testId="0facd082-3d58-d4b4-9c7d-195828799b9f" testName="Dungnz.Tests.DisplayServiceTests.ShowCommandPrompt_WritesPrompt" computerName="anthony-nobara-pc" duration="00:00:00.0004926" startTime="2026-02-23T22:25:07.1829459-06:00" endTime="2026-02-23T22:25:07.1830269-06:00" testType="13cdc9d9-ddb5-4fa4-a97d-d965ccfc6d4b" outcome="Passed" testListId="8c84fa94-04c1-424b-9868-57a2d4851a1d" relativeResultsDirectory="9c40c315-75c0-4c3e-b02a-59e9c9cae63e" />
    <UnitTestResult executionId="7198a583-1b7a-4542-9ec8-fbca0a642600" testId="5a772ebb-fd3f-5af5-b7aa-afb2f7adabda" testName="Dungnz.Tests.SaveSystemTests.RoundTrip_RoomGraph_Reconnected" computerName="anthony-nobara-pc" duration="00:00:00.0072335" startTime="2026-02-23T22:25:07.1851577-06:00" endTime="2026-02-23T22:25:07.1852350-06:00" testType="13cdc9d9-ddb5-4fa4-a97d-d965ccfc6d4b" outcome="Passed" testListId="8c84fa94-04c1-424b-9868-57a2d4851a1d" relativeResultsDirectory="7198a583-1b7a-4542-9ec8-fbca0a642600" />
    <UnitTestResult executionId="1ed4c556-39da-4cf6-8038-66c64b7b39ec" testId="1df7d1be-5d75-344d-12ce-97928bd9f967" testName="Dungnz.Tests.InventoryDisplayRegressionTests.ShowLootDrop_AllTiers_Armor_DoNotThrow(tier: Common)" computerName="anthony-nobara-pc" duration="00:00:00.0000975" startTime="2026-02-23T22:25:07.1695297-06:00" endTime="2026-02-23T22:25:07.1695845-06:00" testType="13cdc9d9-ddb5-4fa4-a97d-d965ccfc6d4b" outcome="Passed" testListId="8c84fa94-04c1-424b-9868-57a2d4851a1d" relativeResultsDirectory="1ed4c556-39da-4cf6-8038-66c64b7b39ec" />
    <UnitTestResult executionId="76512e38-a19b-4f1d-bd43-2299e97e7f5b" testId="73ca2565-9664-47bd-112d-ca8c1865b653" testName="Dungnz.Tests.AbilityManagerTests.AbilityUnlockLevels_MatchSpecification" computerName="anthony-nobara-pc" duration="00:00:00.0003731" startTime="2026-02-23T22:25:07.1406704-06:00" endTime="2026-02-23T22:25:07.1407372-06:00" testType="13cdc9d9-ddb5-4fa4-a97d-d965ccfc6d4b" outcome="Passed" testListId="8c84fa94-04c1-424b-9868-57a2d4851a1d" relativeResultsDirectory="76512e38-a19b-4f1d-bd43-2299e97e7f5b" />
    <UnitTestResult executionId="213fdcfc-a3c5-496a-8d9b-f420b40a8ef6" testId="31971520-8047-f215-7542-e177c59f372d" testName="Dungnz.Tests.EquipmentSystemTests.UnequipWeapon_RestoresPlayerAttack" computerName="anthony-nobara-pc" duration="00:00:00.0131660" startTime="2026-02-23T22:25:06.9682921-06:00" endTime="2026-02-23T22:25:07.0527102-06:00" testType="13cdc9d9-ddb5-4fa4-a97d-d965ccfc6d4b" outcome="Passed" testListId="8c84fa94-04c1-424b-9868-57a2d4851a1d" relativeResultsDirectory="213fdcfc-a3c5-496a-8d9b-f420b40a8ef6" />
    <UnitTestResult executionId="ed6df31f-2908-4a52-b345-c46270add8e2" testId="f1c1e8e5-93a4-e11a-b92d-b2d7c077af03" testName="Dungnz.Tests.EquipmentSystemTests.EquipWeapon_IncreasesPlayerAttack" computerName="anthony-nobara-pc" duration="00:00:00.0004103" startTime="2026-02-23T22:25:07.0528945-06:00" endTime="2026-02-23T22:25:07.0529728-06:00" testType="13cdc9d9-ddb5-4fa4-a97d-d965ccfc6d4b" outcome="Passed" testListId="8c84fa94-04c1-424b-9868-57a2d4851a1d" relativeResultsDirectory="ed6df31f-2908-4a52-b345-c46270add8e2" />
    <UnitTestResult executionId="37942dd9-ec07-4518-9610-eb9c42560492" testId="1c13f332-bd7b-9d98-23ec-d5e230b452a6" testName="Dungnz.Tests.LootDisplayTests.FakeDisplayService_ShowItemPickup_RecordsItemNameAndSlots" computerName="anthony-nobara-pc" duration="00:00:00.0002864" startTime="2026-02-23T22:25:07.1613823-06:00" endTime="2026-02-23T22:25:07.1614454-06:00" testType="13cdc9d9-ddb5-4fa4-a97d-d965ccfc6d4b" outcome="Passed" testListId="8c84fa94-04c1-424b-9868-57a2d4851a1d" relativeResultsDirectory="37942dd9-ec07-4518-9610-eb9c42560492" />
    <UnitTestResult executionId="92b03bff-c60c-4107-bb63-ca50404cc218" testId="46089665-c71f-3d47-831f-2855c17c44c9" testName="Dungnz.Tests.SaveSystemTests.RoundTrip_CurrentFloor_Preserved" computerName="anthony-nobara-pc" duration="00:00:00.0002827" startTime="2026-02-23T22:25:07.1914861-06:00" endTime="2026-02-23T22:25:07.1922161-06:00" testType="13cdc9d9-ddb5-4fa4-a97d-d965ccfc6d4b" outcome="Passed" testListId="8c84fa94-04c1-424b-9868-57a2d4851a1d" relativeResultsDirectory="92b03bff-c60c-4107-bb63-ca50404cc218" />
    <UnitTestResult executionId="63a3db4d-ae35-406d-b6b7-42ed9305813e" testId="2a7ff51c-aaf9-6dee-cb0d-b76516c93e5c" testName="Dungnz.Tests.PlayerTests.DefaultValues_AreCorrect" computerName="anthony-nobara-pc" duration="00:00:00.0003840" startTime="2026-02-23T22:25:07.0849391-06:00" endTime="2026-02-23T22:25:07.0852480-06:00" testType="13cdc9d9-ddb5-4fa4-a97d-d965ccfc6d4b" outcome="Passed" testListId="8c84fa94-04c1-424b-9868-57a2d4851a1d" relativeResultsDirectory="63a3db4d-ae35-406d-b6b7-42ed9305813e" />
    <UnitTestResult executionId="cefed566-f3f5-41fb-a146-bfb7d9fba82b" testId="6199552f-61ac-79b2-8d00-f2c7e51315e8" testName="Dungnz.Tests.PlayerManaTests.SpendMana_DeductsManaCorrectly" computerName="anthony-nobara-pc" duration="00:00:00.0001072" startTime="2026-02-23T22:25:07.1361113-06:00" endTime="2026-02-23T22:25:07.1370305-06:00" testType="13cdc9d9-ddb5-4fa4-a97d-d965ccfc6d4b" outcome="Passed" testListId="8c84fa94-04c1-424b-9868-57a2d4851a1d" relativeResultsDirectory="cefed566-f3f5-41fb-a146-bfb7d9fba82b" />
    <UnitTestResult executionId="8abbaeb5-cd7f-4a02-aea5-40fd7903175e" testId="cb74ec71-cfd3-5e8d-e11f-9b26f80c1474" testName="Dungnz.Tests.DisplayServiceTests.ShowMessage_WritesMessage" computerName="anthony-nobara-pc" duration="00:00:00.0001841" startTime="2026-02-23T22:25:07.1831501-06:00" endTime="2026-02-23T22:25:07.1832281-06:00" testType="13cdc9d9-ddb5-4fa4-a97d-d965ccfc6d4b" outcome="Passed" testListId="8c84fa94-04c1-424b-9868-57a2d4851a1d" relativeResultsDirectory="8abbaeb5-cd7f-4a02-aea5-40fd7903175e" />
    <UnitTestResult executionId="0c881231-200a-4aff-945b-9438d9237e39" testId="6c1751d4-0e24-1421-1d5d-d58b1979b20b" testName="Dungnz.Tests.IntegrationTests.LevelUp_IncreasesLevelAndMaxHP" computerName="anthony-nobara-pc" duration="00:00:00.0003819" startTime="2026-02-23T22:25:07.0936886-06:00" endTime="2026-02-23T22:25:07.0940387-06:00" testType="13cdc9d9-ddb5-4fa4-a97d-d965ccfc6d4b" outcome="Passed" testListId="8c84fa94-04c1-424b-9868-57a2d4851a1d" relativeResultsDirectory="0c881231-200a-4aff-945b-9438d9237e39" />
    <UnitTestResult executionId="784531fb-c689-442f-abc0-1f0436dd2d65" testId="503e340a-c98e-89e1-a449-d2472a56be5f" testName="Dungnz.Tests.IntroSequenceTests.Run_CallsReadPlayerName" computerName="anthony-nobara-pc" duration="00:00:00.0001572" startTime="2026-02-23T22:25:07.0977252-06:00" endTime="2026-02-23T22:25:07.0977793-06:00" testType="13cdc9d9-ddb5-4fa4-a97d-d965ccfc6d4b" outcome="Passed" testListId="8c84fa94-04c1-424b-9868-57a2d4851a1d" relativeResultsDirectory="784531fb-c689-442f-abc0-1f0436dd2d65" />
    <UnitTestResult executionId="11bf1936-b358-4497-813c-6600c0b60934" testId="d7d7be5c-8371-14db-edcb-04e5e54e37f4" testName="Dungnz.Tests.Phase1DisplayTests.CombatEngine_AbilityUsed_ShowsConfirmationMessage" computerName="anthony-nobara-pc" duration="00:00:00.0040204" startTime="2026-02-23T22:25:07.0898602-06:00" endTime="2026-02-23T22:25:07.0957413-06:00" testType="13cdc9d9-ddb5-4fa4-a97d-d965ccfc6d4b" outcome="Passed" testListId="8c84fa94-04c1-424b-9868-57a2d4851a1d" relativeResultsDirectory="11bf1936-b358-4497-813c-6600c0b60934" />
    <UnitTestResult executionId="de798fb0-5bae-45ff-be36-9d56841edb82" testId="99dac581-f547-a90a-1e55-16cd7ae7a776" testName="Dungnz.Tests.InventoryManagerTests.IsFull_AtMaxSlots_ReturnsTrue" computerName="anthony-nobara-pc" duration="00:00:00.0002058" startTime="2026-02-23T22:25:07.0651553-06:00" endTime="2026-02-23T22:25:07.0656372-06:00" testType="13cdc9d9-ddb5-4fa4-a97d-d965ccfc6d4b" outcome="Passed" testListId="8c84fa94-04c1-424b-9868-57a2d4851a1d" relativeResultsDirectory="de798fb0-5bae-45ff-be36-9d56841edb82" />
    <UnitTestResult executionId="dd179cad-4140-4b01-85b7-113c3cbad022" testId="2e85f9eb-324d-75cc-092d-2cbceb0370ac" testName="Dungnz.Tests.EnemyTests.Skeleton_HasCorrectStats" computerName="anthony-nobara-pc" duration="00:00:00.0009048" startTime="2026-02-23T22:25:07.0597962-06:00" endTime="2026-02-23T22:25:07.0623873-06:00" testType="13cdc9d9-ddb5-4fa4-a97d-d965ccfc6d4b" outcome="Passed" testListId="8c84fa94-04c1-424b-9868-57a2d4851a1d" relativeResultsDirectory="dd179cad-4140-4b01-85b7-113c3cbad022" />
    <UnitTestResult executionId="db6cedac-178d-4921-89eb-9d0b396273d4" testId="b360a4cf-16c3-eba2-d3d2-30bea4873ed8" testName="Dungnz.Tests.AbilityManagerTests.GetUnlockedAbilities_Level3_ReturnsPowerStrikeAndDefensiveStance" computerName="anthony-nobara-pc" duration="00:00:00.0064097" startTime="2026-02-23T22:25:07.0890425-06:00" endTime="2026-02-23T22:25:07.0985862-06:00" testType="13cdc9d9-ddb5-4fa4-a97d-d965ccfc6d4b" outcome="Passed" testListId="8c84fa94-04c1-424b-9868-57a2d4851a1d" relativeResultsDirectory="db6cedac-178d-4921-89eb-9d0b396273d4" />
    <UnitTestResult executionId="67b5dd8e-bcb9-4226-8da0-9a55056fde1e" testId="00641d08-17ed-1fc5-b087-e860da645840" testName="Dungnz.Tests.AbilityManagerTests.GetAvailableAbilities_OnCooldown_ExcludesAbility" computerName="anthony-nobara-pc" duration="00:00:00.0003933" startTime="2026-02-23T22:25:07.1337985-06:00" endTime="2026-02-23T22:25:07.1352878-06:00" testType="13cdc9d9-ddb5-4fa4-a97d-d965ccfc6d4b" outcome="Passed" testListId="8c84fa94-04c1-424b-9868-57a2d4851a1d" relativeResultsDirectory="67b5dd8e-bcb9-4226-8da0-9a55056fde1e" />
    <UnitTestResult executionId="249f31ee-31b5-474b-b41e-ebf9dbec9194" testId="0fd26b5d-64bc-bf47-f449-874e27b077cb" testName="Dungnz.Tests.AbilityManagerTests.AbilityCooldowns_MatchSpecification" computerName="anthony-nobara-pc" duration="00:00:00.0033471" startTime="2026-02-23T22:25:07.1355892-06:00" endTime="2026-02-23T22:25:07.1394010-06:00" testType="13cdc9d9-ddb5-4fa4-a97d-d965ccfc6d4b" outcome="Passed" testListId="8c84fa94-04c1-424b-9868-57a2d4851a1d" relativeResultsDirectory="249f31ee-31b5-474b-b41e-ebf9dbec9194" />
    <UnitTestResult executionId="37b9470c-e8d2-40aa-9160-172f49cf0edf" testId="8b3dc846-23f8-ef8f-9c0b-ebc24eaa5efd" testName="Dungnz.Tests.CommandParserTests.UnknownOrEmpty_ReturnUnknown(input: &quot;&quot;)" computerName="anthony-nobara-pc" duration="00:00:00.0001351" startTime="2026-02-23T22:25:07.1313110-06:00" endTime="2026-02-23T22:25:07.1316510-06:00" testType="13cdc9d9-ddb5-4fa4-a97d-d965ccfc6d4b" outcome="Passed" testListId="8c84fa94-04c1-424b-9868-57a2d4851a1d" relativeResultsDirectory="37b9470c-e8d2-40aa-9160-172f49cf0edf" />
    <UnitTestResult executionId="cc03c814-2768-4e43-ab64-0b04f54589be" testId="e0548ce4-0782-d1de-9f93-71249ff40283" testName="Dungnz.Tests.InventoryDisplayRegressionTests.ShowInventory_FullInventory_CommonItemsNotWrappedInUncommonGreen" computerName="anthony-nobara-pc" duration="00:00:00.0002430" startTime="2026-02-23T22:25:07.1741291-06:00" endTime="2026-02-23T22:25:07.1742031-06:00" testType="13cdc9d9-ddb5-4fa4-a97d-d965ccfc6d4b" outcome="Passed" testListId="8c84fa94-04c1-424b-9868-57a2d4851a1d" relativeResultsDirectory="cc03c814-2768-4e43-ab64-0b04f54589be" />
    <UnitTestResult executionId="6b2f52be-f290-43cd-b097-78d52fb2e657" testId="371ce78b-22b8-acf8-2dc5-1756c8e99ffc" testName="Dungnz.Tests.InventoryManagerTests.UseItem_Consumable_HealPlayer" computerName="anthony-nobara-pc" duration="00:00:00.0050794" startTime="2026-02-23T22:25:07.0534048-06:00" endTime="2026-02-23T22:25:07.0643094-06:00" testType="13cdc9d9-ddb5-4fa4-a97d-d965ccfc6d4b" outcome="Passed" testListId="8c84fa94-04c1-424b-9868-57a2d4851a1d" relativeResultsDirectory="6b2f52be-f290-43cd-b097-78d52fb2e657" />
    <UnitTestResult executionId="e20e47b3-2baa-4e60-ad68-ab1b7696de5d" testId="d119a115-ae44-6fd6-a3f0-22c2b1e7762e" testName="Dungnz.Tests.EnemyFactoryTests.CreateScaled_AllEnemyTypes" computerName="anthony-nobara-pc" duration="00:00:00.0022191" startTime="2026-02-23T22:25:07.1200935-06:00" endTime="2026-02-23T22:25:07.1276069-06:00" testType="13cdc9d9-ddb5-4fa4-a97d-d965ccfc6d4b" outcome="Passed" testListId="8c84fa94-04c1-424b-9868-57a2d4851a1d" relativeResultsDirectory="e20e47b3-2baa-4e60-ad68-ab1b7696de5d" />
    <UnitTestResult executionId="299c914b-fb57-431f-a4c4-7b6190fde4c4" testId="72ca6dd0-23ee-6a23-04c3-4a8b78e5a121" testName="Dungnz.Tests.AbilityManagerTests.UseAbility_SecondWind_Heals30PercentMaxHP" computerName="anthony-nobara-pc" duration="00:00:00.0002168" startTime="2026-02-23T22:25:07.1447293-06:00" endTime="2026-02-23T22:25:07.1449289-06:00" testType="13cdc9d9-ddb5-4fa4-a97d-d965ccfc6d4b" outcome="Passed" testListId="8c84fa94-04c1-424b-9868-57a2d4851a1d" relativeResultsDirectory="299c914b-fb57-431f-a4c4-7b6190fde4c4" />
    <UnitTestResult executionId="3cddeae2-26ad-45a6-9999-f427c250733e" testId="c7298b83-c4f9-c60b-a289-a2185a0d2df6" testName="Dungnz.Tests.ShopDisplayTests.ShowShop_PlayerCanAffordItem_OutputContainsGreen" computerName="anthony-nobara-pc" duration="00:00:00.0002275" startTime="2026-02-23T22:25:07.1509499-06:00" endTime="2026-02-23T22:25:07.1510488-06:00" testType="13cdc9d9-ddb5-4fa4-a97d-d965ccfc6d4b" outcome="Passed" testListId="8c84fa94-04c1-424b-9868-57a2d4851a1d" relativeResultsDirectory="3cddeae2-26ad-45a6-9999-f427c250733e" />
    <UnitTestResult executionId="16d30158-9ba2-4ba1-ab36-ec8448310ea6" testId="766210d7-e482-3786-3b76-a0ed16e49eec" testName="Dungnz.Tests.PlayerManaTests.Player_StartsWithMana30" computerName="anthony-nobara-pc" duration="00:00:00.0002032" startTime="2026-02-23T22:25:07.1350992-06:00" endTime="2026-02-23T22:25:07.1353912-06:00" testType="13cdc9d9-ddb5-4fa4-a97d-d965ccfc6d4b" outcome="Passed" testListId="8c84fa94-04c1-424b-9868-57a2d4851a1d" relativeResultsDirectory="16d30158-9ba2-4ba1-ab36-ec8448310ea6" />
    <UnitTestResult executionId="0bffc3f2-73e1-4878-b0a9-5b7872be3ed1" testId="23a15fc0-e19c-6af5-d9f6-cf91859bdb05" testName="Dungnz.Tests.CommandParserTests.CaseInsensitiveDirections(input: &quot;WEST&quot;, expectedArg: &quot;west&quot;)" computerName="anthony-nobara-pc" duration="00:00:00.0000064" startTime="2026-02-23T22:25:07.1194693-06:00" endTime="2026-02-23T22:25:07.1195208-06:00" testType="13cdc9d9-ddb5-4fa4-a97d-d965ccfc6d4b" outcome="Passed" testListId="8c84fa94-04c1-424b-9868-57a2d4851a1d" relativeResultsDirectory="0bffc3f2-73e1-4878-b0a9-5b7872be3ed1" />
    <UnitTestResult executionId="4172769c-3a80-4a3a-a34d-78bab1e2f774" testId="e6e0dd5f-2c22-7db6-365f-de97fd602aba" testName="Dungnz.Tests.AchievementSystemTests.Untouchable_DoesNotUnlock_WhenDamageTaken_IsPositive_AndWon" computerName="anthony-nobara-pc" duration="00:00:00.0008909" startTime="2026-02-23T22:25:07.0743839-06:00" endTime="2026-02-23T22:25:07.0773891-06:00" testType="13cdc9d9-ddb5-4fa4-a97d-d965ccfc6d4b" outcome="Passed" testListId="8c84fa94-04c1-424b-9868-57a2d4851a1d" relativeResultsDirectory="4172769c-3a80-4a3a-a34d-78bab1e2f774" />
    <UnitTestResult executionId="d756a2ca-d8de-4986-8976-29cef7fdea84" testId="5c639024-d625-09b4-707b-e3812c9f8f07" testName="Dungnz.Tests.TierDisplayTests.FakeDisplayService_ShowInventory_RareItem_RecordsInventoryCount" computerName="anthony-nobara-pc" duration="00:00:00.0003507" startTime="2026-02-23T22:25:07.1542441-06:00" endTime="2026-02-23T22:25:07.1542920-06:00" testType="13cdc9d9-ddb5-4fa4-a97d-d965ccfc6d4b" outcome="Passed" testListId="8c84fa94-04c1-424b-9868-57a2d4851a1d" relativeResultsDirectory="d756a2ca-d8de-4986-8976-29cef7fdea84" />
    <UnitTestResult executionId="528eb745-f281-42af-9713-6cd957adda85" testId="a2b8a786-30fc-fb32-79ba-ae1c09cd5886" testName="Dungnz.Tests.StatusEffectManagerTests.Bleed_ReducesEnemyHP_EachTurn" computerName="anthony-nobara-pc" duration="00:00:00.0003513" startTime="2026-02-23T22:25:07.0996124-06:00" endTime="2026-02-23T22:25:07.0999006-06:00" testType="13cdc9d9-ddb5-4fa4-a97d-d965ccfc6d4b" outcome="Passed" testListId="8c84fa94-04c1-424b-9868-57a2d4851a1d" relativeResultsDirectory="528eb745-f281-42af-9713-6cd957adda85" />
    <UnitTestResult executionId="75b081f9-6025-4c66-b7bd-2950160462cd" testId="2810b2be-eafd-8f9c-54cc-b43fa2e00c0b" testName="Dungnz.Tests.CombatBalanceSimulationTests.Phase2Enemy_IsBeatable_AtMatchedPlayerLevel(name: &quot;Giant Rat&quot;, hp: 15, atk: 7, def: 1, xp: 12, playerLevel: 2)" computerName="anthony-nobara-pc" duration="00:00:00.0125817" startTime="2026-02-23T22:25:07.1842589-06:00" endTime="2026-02-23T22:25:07.1845096-06:00" testType="13cdc9d9-ddb5-4fa4-a97d-d965ccfc6d4b" outcome="Passed" testListId="8c84fa94-04c1-424b-9868-57a2d4851a1d" relativeResultsDirectory="75b081f9-6025-4c66-b7bd-2950160462cd">
      <Output>
        <StdOut>Giant Rat (Lvl 2) — Win: 100 | Loss:   0 | Timeout:   0 / 100</StdOut>
      </Output>
    </UnitTestResult>
    <UnitTestResult executionId="32da8752-7987-4ab4-8636-19de2148222c" testId="49807101-cc0d-7b09-3ff8-c486bf234f3b" testName="Dungnz.Tests.GameLoopTests.UnknownCommand_ShowsError" computerName="anthony-nobara-pc" duration="00:00:00.0157264" startTime="2026-02-23T22:25:07.3521617-06:00" endTime="2026-02-23T22:25:07.3677999-06:00" testType="13cdc9d9-ddb5-4fa4-a97d-d965ccfc6d4b" outcome="Passed" testListId="8c84fa94-04c1-424b-9868-57a2d4851a1d" relativeResultsDirectory="32da8752-7987-4ab4-8636-19de2148222c" />
    <UnitTestResult executionId="b28a942b-03af-40fb-ba5b-9e3953fce3a9" testId="be7093ff-f3a8-06b1-e5bf-04f15405a2af" testName="Dungnz.Tests.CombatBalanceSimulationTests.LichKing_IsBeatable_AtTierTopLevel" computerName="anthony-nobara-pc" duration="00:00:00.0162099" startTime="2026-02-23T22:25:07.1920908-06:00" endTime="2026-02-23T22:25:07.1928098-06:00" testType="13cdc9d9-ddb5-4fa4-a97d-d965ccfc6d4b" outcome="Passed" testListId="8c84fa94-04c1-424b-9868-57a2d4851a1d" relativeResultsDirectory="b28a942b-03af-40fb-ba5b-9e3953fce3a9">
      <Output>
        <StdOut>Lich King @ Lvl 12 — Win rate: 82% (82/100)</StdOut>
      </Output>
    </UnitTestResult>
    <UnitTestResult executionId="8682cfd1-e466-4176-b3a6-9bba76507aa8" testId="52d6df9d-357d-1b2d-c3a8-eb3574b40031" testName="Dungnz.Tests.TierDisplayTests.ShowLootDrop_CommonItem_ItemNameNotPrecededByGreen" computerName="anthony-nobara-pc" duration="00:00:00.0003294" startTime="2026-02-23T22:25:07.1515214-06:00" endTime="2026-02-23T22:25:07.1515841-06:00" testType="13cdc9d9-ddb5-4fa4-a97d-d965ccfc6d4b" outcome="Passed" testListId="8c84fa94-04c1-424b-9868-57a2d4851a1d" relativeResultsDirectory="8682cfd1-e466-4176-b3a6-9bba76507aa8" />
    <UnitTestResult executionId="5ffd1396-59f5-4de9-b6f4-7a822a34bdc6" testId="bae86f9e-ff32-4c53-f490-7f2a8211ce90" testName="Dungnz.Tests.PlayerManaTests.SpendMana_NegativeAmount_ThrowsException" computerName="anthony-nobara-pc" duration="00:00:00.0008667" startTime="2026-02-23T22:25:07.1257135-06:00" endTime="2026-02-23T22:25:07.1288325-06:00" testType="13cdc9d9-ddb5-4fa4-a97d-d965ccfc6d4b" outcome="Passed" testListId="8c84fa94-04c1-424b-9868-57a2d4851a1d" relativeResultsDirectory="5ffd1396-59f5-4de9-b6f4-7a822a34bdc6" />
    <UnitTestResult executionId="3b776a8d-a822-4ee8-be6d-a4b91a28653a" testId="d9ba8291-9442-9688-2fc6-9e062c765b2a" testName="Dungnz.Tests.PrestigeSystemTests.RecordRun_BonusesScale_WithPrestigeLevel" computerName="anthony-nobara-pc" duration="00:00:00.0163922" startTime="2026-02-23T22:25:06.9696216-06:00" endTime="2026-02-23T22:25:07.0583924-06:00" testType="13cdc9d9-ddb5-4fa4-a97d-d965ccfc6d4b" outcome="Passed" testListId="8c84fa94-04c1-424b-9868-57a2d4851a1d" relativeResultsDirectory="3b776a8d-a822-4ee8-be6d-a4b91a28653a" />
    <UnitTestResult executionId="6e8c8b1a-d3f6-4297-8e9a-5b5787de9b7d" testId="fe55e5e4-1cc0-b4d4-867d-880d5b3b51d0" testName="Dungnz.Tests.AchievementSystemTests.NoAchievements_UnlockWhen_Won_IsFalse" computerName="anthony-nobara-pc" duration="00:00:00.0038926" startTime="2026-02-23T22:25:07.0565691-06:00" endTime="2026-02-23T22:25:07.0654580-06:00" testType="13cdc9d9-ddb5-4fa4-a97d-d965ccfc6d4b" outcome="Passed" testListId="8c84fa94-04c1-424b-9868-57a2d4851a1d" relativeResultsDirectory="6e8c8b1a-d3f6-4297-8e9a-5b5787de9b7d" />
    <UnitTestResult executionId="caf5d2d9-ce26-4b7c-856a-4fcb4a4609d2" testId="4d3740cf-efe8-4a6c-50b2-cabfbbfc8d05" testName="Dungnz.Tests.PlayerManaTests.LevelUp_RestoresManaToFull" computerName="anthony-nobara-pc" duration="00:00:00.0001397" startTime="2026-02-23T22:25:07.1356362-06:00" endTime="2026-02-23T22:25:07.1357096-06:00" testType="13cdc9d9-ddb5-4fa4-a97d-d965ccfc6d4b" outcome="Passed" testListId="8c84fa94-04c1-424b-9868-57a2d4851a1d" relativeResultsDirectory="caf5d2d9-ce26-4b7c-856a-4fcb4a4609d2" />
    <UnitTestResult executionId="6251a8ff-7d64-42c3-b7fc-545d42ba9ce7" testId="979c9904-ce02-d56e-00e0-2df7de0ca4b4" testName="Dungnz.Tests.LootTableTests.FirstMatchingDropWins" computerName="anthony-nobara-pc" duration="00:00:00.0009067" startTime="2026-02-23T22:25:07.0699039-06:00" endTime="2026-02-23T22:25:07.0745836-06:00" testType="13cdc9d9-ddb5-4fa4-a97d-d965ccfc6d4b" outcome="Passed" testListId="8c84fa94-04c1-424b-9868-57a2d4851a1d" relativeResultsDirectory="6251a8ff-7d64-42c3-b7fc-545d42ba9ce7" />
    <UnitTestResult executionId="29b2d372-30d6-4fc9-99e4-5a58b79b30ab" testId="3d6e5433-3cd0-89bb-634b-637860cc6621" testName="Dungnz.Tests.CommandParserTests.StatsCommands_ReturnStats(input: &quot;status&quot;)" computerName="anthony-nobara-pc" duration="00:00:00.0001306" startTime="2026-02-23T22:25:07.1021987-06:00" endTime="2026-02-23T22:25:07.1029559-06:00" testType="13cdc9d9-ddb5-4fa4-a97d-d965ccfc6d4b" outcome="Passed" testListId="8c84fa94-04c1-424b-9868-57a2d4851a1d" relativeResultsDirectory="29b2d372-30d6-4fc9-99e4-5a58b79b30ab" />
    <UnitTestResult executionId="4b309dda-850f-498b-99b9-b627eecb54a8" testId="634b2572-97ad-7406-2370-b47716f76568" testName="Dungnz.Tests.Phase3LootPolishTests.ShowLootDrop_NewWeaponBetterThanEquipped_ShowsPositiveDelta" computerName="anthony-nobara-pc" duration="00:00:00.0004161" startTime="2026-02-23T22:25:07.1560994-06:00" endTime="2026-02-23T22:25:07.1561453-06:00" testType="13cdc9d9-ddb5-4fa4-a97d-d965ccfc6d4b" outcome="Passed" testListId="8c84fa94-04c1-424b-9868-57a2d4851a1d" relativeResultsDirectory="4b309dda-850f-498b-99b9-b627eecb54a8" />
    <UnitTestResult executionId="039b5ec4-e0d3-49e0-9eae-195cf4a3f38a" testId="18cafa31-1c18-0f95-53ab-92ef4f9cd985" testName="Dungnz.Tests.CommandParserTests.ExamineCommands_ReturnExamineWithArgument(input: &quot;examine sword&quot;, expectedArg: &quot;sword&quot;)" computerName="anthony-nobara-pc" duration="00:00:00.0001985" startTime="2026-02-23T22:25:07.1275326-06:00" endTime="2026-02-23T22:25:07.1286790-06:00" testType="13cdc9d9-ddb5-4fa4-a97d-d965ccfc6d4b" outcome="Passed" testListId="8c84fa94-04c1-424b-9868-57a2d4851a1d" relativeResultsDirectory="039b5ec4-e0d3-49e0-9eae-195cf4a3f38a" />
    <UnitTestResult executionId="2677cca0-68a9-4be1-8072-55c525b29fc4" testId="fd8a457e-1213-8da8-275d-92f2bf3a1018" testName="Dungnz.Tests.EnemyFactoryTests.CreateScaled_Boss_ScalesCorrectly" computerName="anthony-nobara-pc" duration="00:00:00.0073400" startTime="2026-02-23T22:25:07.0922322-06:00" endTime="2026-02-23T22:25:07.1183716-06:00" testType="13cdc9d9-ddb5-4fa4-a97d-d965ccfc6d4b" outcome="Passed" testListId="8c84fa94-04c1-424b-9868-57a2d4851a1d" relativeResultsDirectory="2677cca0-68a9-4be1-8072-55c525b29fc4" />
    <UnitTestResult executionId="5b927700-a354-45f9-b44f-dc3db8761295" testId="d06ea607-e8c9-b59a-9560-3a7e7ad2a07c" testName="Dungnz.Tests.CombatBalanceSimulationTests.Phase2Enemy_IsBeatable_AtMatchedPlayerLevel(name: &quot;Cursed Zombie&quot;, hp: 32, atk: 9, def: 6, xp: 28, playerLevel: 3)" computerName="anthony-nobara-pc" duration="00:00:00.0063473" startTime="2026-02-23T22:25:07.1872445-06:00" endTime="2026-02-23T22:25:07.1904129-06:00" testType="13cdc9d9-ddb5-4fa4-a97d-d965ccfc6d4b" outcome="Passed" testListId="8c84fa94-04c1-424b-9868-57a2d4851a1d" relativeResultsDirectory="5b927700-a354-45f9-b44f-dc3db8761295">
      <Output>
        <StdOut>Cursed Zombie (Lvl 3) — Win: 100 | Loss:   0 | Timeout:   0 / 100</StdOut>
      </Output>
    </UnitTestResult>
    <UnitTestResult executionId="0ddfa4dd-642a-4d03-8747-117e7a3c4644" testId="34df8599-fe7d-15cf-dbeb-8c30e3b17e26" testName="Dungnz.Tests.EnemyFactoryTests.CreateScaled_Level5_48PercentStronger" computerName="anthony-nobara-pc" duration="00:00:00.0002049" startTime="2026-02-23T22:25:07.1500911-06:00" endTime="2026-02-23T22:25:07.1501204-06:00" testType="13cdc9d9-ddb5-4fa4-a97d-d965ccfc6d4b" outcome="Passed" testListId="8c84fa94-04c1-424b-9868-57a2d4851a1d" relativeResultsDirectory="0ddfa4dd-642a-4d03-8747-117e7a3c4644" />
    <UnitTestResult executionId="22664a37-9245-4110-8253-c45ae4f4624e" testId="70a885c6-3bc7-9d73-ea07-eeba3c0d38bb" testName="Dungnz.Tests.GameLoopTests.UseCommand_ItemNotInInventory_ShowsError" computerName="anthony-nobara-pc" duration="00:00:00.0248199" startTime="2026-02-23T22:25:07.1861277-06:00" endTime="2026-02-23T22:25:07.1872908-06:00" testType="13cdc9d9-ddb5-4fa4-a97d-d965ccfc6d4b" outcome="Passed" testListId="8c84fa94-04c1-424b-9868-57a2d4851a1d" relativeResultsDirectory="22664a37-9245-4110-8253-c45ae4f4624e" />
    <UnitTestResult executionId="88324f2c-f6db-4954-a211-c49aba88fc0f" testId="d2583beb-46a8-6ee5-6d65-2c3b5a535a7d" testName="Dungnz.Tests.Phase3LootPolishTests.ShowLootDrop_NewWeaponSameAsEquipped_ShowsNoVsEquipped" computerName="anthony-nobara-pc" duration="00:00:00.0001372" startTime="2026-02-23T22:25:07.1580290-06:00" endTime="2026-02-23T22:25:07.1580745-06:00" testType="13cdc9d9-ddb5-4fa4-a97d-d965ccfc6d4b" outcome="Passed" testListId="8c84fa94-04c1-424b-9868-57a2d4851a1d" relativeResultsDirectory="88324f2c-f6db-4954-a211-c49aba88fc0f" />
    <UnitTestResult executionId="6fc97263-2e8f-4703-990a-8ab23c2fa044" testId="7949adb7-da03-54f5-58cf-b87c00c9f269" testName="Dungnz.Tests.IntroSequenceTests.Run_WithWarriorClass_SetsCorrectStats" computerName="anthony-nobara-pc" duration="00:00:00.0003128" startTime="2026-02-23T22:25:07.0993039-06:00" endTime="2026-02-23T22:25:07.0996744-06:00" testType="13cdc9d9-ddb5-4fa4-a97d-d965ccfc6d4b" outcome="Passed" testListId="8c84fa94-04c1-424b-9868-57a2d4851a1d" relativeResultsDirectory="6fc97263-2e8f-4703-990a-8ab23c2fa044" />
    <UnitTestResult executionId="775652ef-fc74-4efe-ae8a-8727261c1008" testId="c97bf92c-de77-61f7-03be-5c0f90bd9388" testName="Dungnz.Tests.Phase3LootPolishTests.ShowInventory_EmptyInventory_ShowsNoGroupingArtifacts" computerName="anthony-nobara-pc" duration="00:00:00.0001159" startTime="2026-02-23T22:25:07.1574361-06:00" endTime="2026-02-23T22:25:07.1574812-06:00" testType="13cdc9d9-ddb5-4fa4-a97d-d965ccfc6d4b" outcome="Passed" testListId="8c84fa94-04c1-424b-9868-57a2d4851a1d" relativeResultsDirectory="775652ef-fc74-4efe-ae8a-8727261c1008" />
    <UnitTestResult executionId="b9fd5d98-7cc4-462b-9042-ec587c605952" testId="14caeaba-9d08-975f-7990-61e2e59f0661" testName="Dungnz.Tests.TierDisplayTests.ShowLootDrop_AllTiers_DoNotThrow(tier: Uncommon)" computerName="anthony-nobara-pc" duration="00:00:00.0001654" startTime="2026-02-23T22:25:07.1531538-06:00" endTime="2026-02-23T22:25:07.1532999-06:00" testType="13cdc9d9-ddb5-4fa4-a97d-d965ccfc6d4b" outcome="Passed" testListId="8c84fa94-04c1-424b-9868-57a2d4851a1d" relativeResultsDirectory="b9fd5d98-7cc4-462b-9042-ec587c605952" />
    <UnitTestResult executionId="24d413b8-64fb-4a04-a9a1-6e64359e2fe4" testId="f865109e-5825-33b3-b14a-cef64e8a5c06" testName="Dungnz.Tests.ShopDisplayTests.ShowShop_EmptyStock_DoesNotThrow" computerName="anthony-nobara-pc" duration="00:00:00.0014319" startTime="2026-02-23T22:25:07.1507099-06:00" endTime="2026-02-23T22:25:07.1507852-06:00" testType="13cdc9d9-ddb5-4fa4-a97d-d965ccfc6d4b" outcome="Passed" testListId="8c84fa94-04c1-424b-9868-57a2d4851a1d" relativeResultsDirectory="24d413b8-64fb-4a04-a9a1-6e64359e2fe4" />
    <UnitTestResult executionId="c15c76e9-1d6f-4bac-b851-e97be658fff5" testId="966972d4-76d0-2ffc-3bf6-4a0f87c7cf36" testName="Dungnz.Tests.CommandParserTests.SingleDirectionInput_ReturnsGoCommand(input: &quot;east&quot;, expectedArg: &quot;east&quot;)" computerName="anthony-nobara-pc" duration="00:00:00.0000144" startTime="2026-02-23T22:25:07.1231889-06:00" endTime="2026-02-23T22:25:07.1233756-06:00" testType="13cdc9d9-ddb5-4fa4-a97d-d965ccfc6d4b" outcome="Passed" testListId="8c84fa94-04c1-424b-9868-57a2d4851a1d" relativeResultsDirectory="c15c76e9-1d6f-4bac-b851-e97be658fff5" />
    <UnitTestResult executionId="d1a2710b-d0a9-451d-90e2-deba89ff301a" testId="61b9930b-5bee-8574-a420-0a458288ab2f" testName="Dungnz.Tests.IntroSequenceTests.Run_CallsShowPrestigeInfoAfterShowEnhancedTitle" computerName="anthony-nobara-pc" duration="00:00:00.0002270" startTime="2026-02-23T22:25:07.0916292-06:00" endTime="2026-02-23T22:25:07.0916911-06:00" testType="13cdc9d9-ddb5-4fa4-a97d-d965ccfc6d4b" outcome="Passed" testListId="8c84fa94-04c1-424b-9868-57a2d4851a1d" relativeResultsDirectory="d1a2710b-d0a9-451d-90e2-deba89ff301a" />
    <UnitTestResult executionId="0d3942f1-0549-4da2-8e1e-f44f7b255fad" testId="06c9dd08-e0df-1c68-e010-9094de14cc28" testName="Dungnz.Tests.EnemyTests.Goblin_HasCorrectStats" computerName="anthony-nobara-pc" duration="00:00:00.0005527" startTime="2026-02-23T22:25:07.0583071-06:00" endTime="2026-02-23T22:25:07.0588541-06:00" testType="13cdc9d9-ddb5-4fa4-a97d-d965ccfc6d4b" outcome="Passed" testListId="8c84fa94-04c1-424b-9868-57a2d4851a1d" relativeResultsDirectory="0d3942f1-0549-4da2-8e1e-f44f7b255fad" />
    <UnitTestResult executionId="3e5b1b1b-f098-4eb0-9ccf-27c41dc1fe2a" testId="9f423009-f13e-2283-6250-d6d482903429" testName="Dungnz.Tests.CommandParserTests.InventoryCommands_ReturnInventory(input: &quot;inv&quot;)" computerName="anthony-nobara-pc" duration="00:00:00.0001753" startTime="2026-02-23T22:25:07.1153946-06:00" endTime="2026-02-23T22:25:07.1154591-06:00" testType="13cdc9d9-ddb5-4fa4-a97d-d965ccfc6d4b" outcome="Passed" testListId="8c84fa94-04c1-424b-9868-57a2d4851a1d" relativeResultsDirectory="3e5b1b1b-f098-4eb0-9ccf-27c41dc1fe2a" />
    <UnitTestResult executionId="e25d2573-299f-4aae-9589-955d0948a8db" testId="812b72a4-4af5-c6b5-1fed-cd885c1bb962" testName="Dungnz.Tests.AchievementSystemTests.GlassCannon_DoesNotUnlock_WhenHP_AtOrAbove10_AndWon" computerName="anthony-nobara-pc" duration="00:00:00.0006451" startTime="2026-02-23T22:25:07.0775508-06:00" endTime="2026-02-23T22:25:07.0803457-06:00" testType="13cdc9d9-ddb5-4fa4-a97d-d965ccfc6d4b" outcome="Passed" testListId="8c84fa94-04c1-424b-9868-57a2d4851a1d" relativeResultsDirectory="e25d2573-299f-4aae-9589-955d0948a8db" />
    <UnitTestResult executionId="a0583859-b7c5-4a81-805e-9a7df801865d" testId="3151992a-4ce9-1937-e0db-b9d9a9745062" testName="Dungnz.Tests.LootTableTests.ItemDrop_At100Percent_AlwaysReturned" computerName="anthony-nobara-pc" duration="00:00:00.0002546" startTime="2026-02-23T22:25:07.0676786-06:00" endTime="2026-02-23T22:25:07.0679669-06:00" testType="13cdc9d9-ddb5-4fa4-a97d-d965ccfc6d4b" outcome="Passed" testListId="8c84fa94-04c1-424b-9868-57a2d4851a1d" relativeResultsDirectory="a0583859-b7c5-4a81-805e-9a7df801865d" />
    <UnitTestResult executionId="2363e9e3-380d-486a-ae4d-dde96c14d3f0" testId="06abeec5-36b3-a326-c4a4-1366eae9be1b" testName="Dungnz.Tests.InventoryDisplayRegressionTests.ShowLootDrop_UncommonItem_TierLabelContainsGreen" computerName="anthony-nobara-pc" duration="00:00:00.0001684" startTime="2026-02-23T22:25:07.1767616-06:00" endTime="2026-02-23T22:25:07.1768404-06:00" testType="13cdc9d9-ddb5-4fa4-a97d-d965ccfc6d4b" outcome="Passed" testListId="8c84fa94-04c1-424b-9868-57a2d4851a1d" relativeResultsDirectory="2363e9e3-380d-486a-ae4d-dde96c14d3f0" />
    <UnitTestResult executionId="bb81fd19-0834-40fb-a3ac-0e48b28b6b72" testId="81aea7f4-bc70-fdb5-306b-641c179de516" testName="Dungnz.Tests.InventoryDisplayRegressionTests.ShowLootDrop_AllTiers_Accessory_DoNotThrow(tier: Rare)" computerName="anthony-nobara-pc" duration="00:00:00.0002428" startTime="2026-02-23T22:25:07.1713221-06:00" endTime="2026-02-23T22:25:07.1713782-06:00" testType="13cdc9d9-ddb5-4fa4-a97d-d965ccfc6d4b" outcome="Passed" testListId="8c84fa94-04c1-424b-9868-57a2d4851a1d" relativeResultsDirectory="bb81fd19-0834-40fb-a3ac-0e48b28b6b72" />
    <UnitTestResult executionId="581a17c7-e2af-45ad-8928-66fa9e09d61a" testId="276c1cde-34cb-d299-3c7a-6da2baaeda33" testName="Dungnz.Tests.CraftingSystemTests.TryCraft_InsufficientGold_Fails" computerName="anthony-nobara-pc" duration="00:00:00.0029627" startTime="2026-02-23T22:25:07.0975375-06:00" endTime="2026-02-23T22:25:07.1038332-06:00" testType="13cdc9d9-ddb5-4fa4-a97d-d965ccfc6d4b" outcome="Passed" testListId="8c84fa94-04c1-424b-9868-57a2d4851a1d" relativeResultsDirectory="581a17c7-e2af-45ad-8928-66fa9e09d61a" />
    <UnitTestResult executionId="252cb143-4b50-414e-94b3-3861f66129e3" testId="b77ace72-20e2-fac3-58d5-6c93b60ec4be" testName="Dungnz.Tests.TierDisplayTests.ShowInventory_RareItem_OutputContainsBrightCyan" computerName="anthony-nobara-pc" duration="00:00:00.0002105" startTime="2026-02-23T22:25:07.1533712-06:00" endTime="2026-02-23T22:25:07.1534167-06:00" testType="13cdc9d9-ddb5-4fa4-a97d-d965ccfc6d4b" outcome="Passed" testListId="8c84fa94-04c1-424b-9868-57a2d4851a1d" relativeResultsDirectory="252cb143-4b50-414e-94b3-3861f66129e3" />
    <UnitTestResult executionId="4474a1bd-5b14-4162-bea1-30bd4d7bdcf3" testId="d3dc150b-e15b-eb4a-20d7-32939a394add" testName="Dungnz.Tests.GameLoopTests.TakeCommand_PicksUpItemFromRoom" computerName="anthony-nobara-pc" duration="00:00:00.0164310" startTime="2026-02-23T22:25:07.3686106-06:00" endTime="2026-02-23T22:25:07.3843160-06:00" testType="13cdc9d9-ddb5-4fa4-a97d-d965ccfc6d4b" outcome="Passed" testListId="8c84fa94-04c1-424b-9868-57a2d4851a1d" relativeResultsDirectory="4474a1bd-5b14-4162-bea1-30bd4d7bdcf3" />
    <UnitTestResult executionId="4a4f978f-83f1-4ac3-aef0-a20da533f15b" testId="65e0ae82-3345-de01-6694-2248bc5dce9f" testName="Dungnz.Tests.CombatEngineTests.PlayerDies_ReturnsPlayerDied" computerName="anthony-nobara-pc" duration="00:00:00.0006803" startTime="2026-02-23T22:25:07.0966159-06:00" endTime="2026-02-23T22:25:07.0980153-06:00" testType="13cdc9d9-ddb5-4fa4-a97d-d965ccfc6d4b" outcome="Passed" testListId="8c84fa94-04c1-424b-9868-57a2d4851a1d" relativeResultsDirectory="4a4f978f-83f1-4ac3-aef0-a20da533f15b" />
    <UnitTestResult executionId="9715c240-4587-4f59-aa9d-d458af90ebc1" testId="348b419c-1948-62ce-488d-e393a26fb37f" testName="Dungnz.Tests.StatusEffectManagerTests.Weakened_DurationTrackedCorrectly" computerName="anthony-nobara-pc" duration="00:00:00.0011750" startTime="2026-02-23T22:25:07.1040499-06:00" endTime="2026-02-23T22:25:07.1164303-06:00" testType="13cdc9d9-ddb5-4fa4-a97d-d965ccfc6d4b" outcome="Passed" testListId="8c84fa94-04c1-424b-9868-57a2d4851a1d" relativeResultsDirectory="9715c240-4587-4f59-aa9d-d458af90ebc1" />
    <UnitTestResult executionId="d538f1d9-cf12-4c00-afa8-cacafba709fe" testId="73113a05-e3f7-c331-6928-29cba098a0bb" testName="Dungnz.Tests.SkillTreeTests.TryUnlock_WithEnoughLevel_Succeeds" computerName="anthony-nobara-pc" duration="00:00:00.0001867" startTime="2026-02-23T22:25:07.0558861-06:00" endTime="2026-02-23T22:25:07.0559541-06:00" testType="13cdc9d9-ddb5-4fa4-a97d-d965ccfc6d4b" outcome="Passed" testListId="8c84fa94-04c1-424b-9868-57a2d4851a1d" relativeResultsDirectory="d538f1d9-cf12-4c00-afa8-cacafba709fe" />
    <UnitTestResult executionId="90b42f73-e7ff-4963-a360-303104e47ba0" testId="44f83a01-5c67-38dc-873e-e4ae7abdac31" testName="Dungnz.Tests.EnemyFactoryTests.CreateBoss_ReturnsDungeonBoss" computerName="anthony-nobara-pc" duration="00:00:00.0007633" startTime="2026-02-23T22:25:07.1494177-06:00" endTime="2026-02-23T22:25:07.1494625-06:00" testType="13cdc9d9-ddb5-4fa4-a97d-d965ccfc6d4b" outcome="Passed" testListId="8c84fa94-04c1-424b-9868-57a2d4851a1d" relativeResultsDirectory="90b42f73-e7ff-4963-a360-303104e47ba0" />
    <UnitTestResult executionId="16e07320-554b-4816-a5de-16a09c63a02a" testId="8de5e8e3-b25d-a247-aff3-9a189a9c7dd0" testName="Dungnz.Tests.InventoryDisplayRegressionTests.HandleEquip_ThenHandleUnequip_AllTierWeapons_NoExceptions" computerName="anthony-nobara-pc" duration="00:00:00.0017224" startTime="2026-02-23T22:25:07.1696738-06:00" endTime="2026-02-23T22:25:07.1697290-06:00" testType="13cdc9d9-ddb5-4fa4-a97d-d965ccfc6d4b" outcome="Passed" testListId="8c84fa94-04c1-424b-9868-57a2d4851a1d" relativeResultsDirectory="16e07320-554b-4816-a5de-16a09c63a02a" />
    <UnitTestResult executionId="09526ffa-6b84-4efc-9239-361271fe393e" testId="cbefbd99-b6bf-0495-e512-7977f88b465f" testName="Dungnz.Tests.DisplayServiceTests.ShowRoom_WithExits_ShowsExits" computerName="anthony-nobara-pc" duration="00:00:00.0036919" startTime="2026-02-23T22:25:07.1804588-06:00" endTime="2026-02-23T22:25:07.1807079-06:00" testType="13cdc9d9-ddb5-4fa4-a97d-d965ccfc6d4b" outcome="Passed" testListId="8c84fa94-04c1-424b-9868-57a2d4851a1d" relativeResultsDirectory="09526ffa-6b84-4efc-9239-361271fe393e" />
    <UnitTestResult executionId="401b113f-65a5-4568-af04-9973bc94e612" testId="ec203ea8-6c59-2751-c72f-6e70226e5fdf" testName="Dungnz.Tests.EnemyFactoryTests.CreateRandom_CanReturnGoblin" computerName="anthony-nobara-pc" duration="00:00:00.0043095" startTime="2026-02-23T22:25:07.1285589-06:00" endTime="2026-02-23T22:25:07.1380284-06:00" testType="13cdc9d9-ddb5-4fa4-a97d-d965ccfc6d4b" outcome="Passed" testListId="8c84fa94-04c1-424b-9868-57a2d4851a1d" relativeResultsDirectory="401b113f-65a5-4568-af04-9973bc94e612" />
    <UnitTestResult executionId="c9beabb6-db95-4763-815d-21815c1a1bc5" testId="3a384760-fedf-fa95-b726-b270c871c32d" testName="Dungnz.Tests.SkillTreeTests.TryUnlock_ManaFlow_AppliesMaxManaBonus" computerName="anthony-nobara-pc" duration="00:00:00.0126704" startTime="2026-02-23T22:25:06.9696986-06:00" endTime="2026-02-23T22:25:07.0511996-06:00" testType="13cdc9d9-ddb5-4fa4-a97d-d965ccfc6d4b" outcome="Passed" testListId="8c84fa94-04c1-424b-9868-57a2d4851a1d" relativeResultsDirectory="c9beabb6-db95-4763-815d-21815c1a1bc5" />
    <UnitTestResult executionId="daa662f5-915f-489b-b266-acf966745b2c" testId="8f9e2c3f-f9a3-7f21-4d62-225c2b2c686d" testName="Dungnz.Tests.DungeonGeneratorTests.BossIsAtExit_NotAtStart" computerName="anthony-nobara-pc" duration="00:00:00.0003215" startTime="2026-02-23T22:25:07.1547936-06:00" endTime="2026-02-23T22:25:07.1548886-06:00" testType="13cdc9d9-ddb5-4fa4-a97d-d965ccfc6d4b" outcome="Passed" testListId="8c84fa94-04c1-424b-9868-57a2d4851a1d" relativeResultsDirectory="daa662f5-915f-489b-b266-acf966745b2c" />
    <UnitTestResult executionId="7b7b60c1-5c1e-4652-a46e-c5bd2b6058a7" testId="934f37ee-21a2-c8d8-afb2-25385a726327" testName="Dungnz.Tests.CommandParserTests.CaseInsensitiveHelp(input: &quot;HELP&quot;)" computerName="anthony-nobara-pc" duration="00:00:00.0001694" startTime="2026-02-23T22:25:07.1349544-06:00" endTime="2026-02-23T22:25:07.1351574-06:00" testType="13cdc9d9-ddb5-4fa4-a97d-d965ccfc6d4b" outcome="Passed" testListId="8c84fa94-04c1-424b-9868-57a2d4851a1d" relativeResultsDirectory="7b7b60c1-5c1e-4652-a46e-c5bd2b6058a7" />
    <UnitTestResult executionId="a2e70720-6234-4080-b219-58db3c319490" testId="86c537cb-f42b-b2bf-b43e-2412d1f97820" testName="Dungnz.Tests.StatusEffectManagerTests.Duration_ExpiresAfterNTurns" computerName="anthony-nobara-pc" duration="00:00:00.0001823" startTime="2026-02-23T22:25:07.1033275-06:00" endTime="2026-02-23T22:25:07.1037059-06:00" testType="13cdc9d9-ddb5-4fa4-a97d-d965ccfc6d4b" outcome="Passed" testListId="8c84fa94-04c1-424b-9868-57a2d4851a1d" relativeResultsDirectory="a2e70720-6234-4080-b219-58db3c319490" />
    <UnitTestResult executionId="71ace868-51d1-48b9-af78-bf76052d6a32" testId="47e0d6c9-0979-88cd-b498-f72b7d50419f" testName="Dungnz.Tests.Phase3LootPolishTests.ShowLootDrop_IsEliteTrue_OutputContainsEliteLootDrop" computerName="anthony-nobara-pc" duration="00:00:00.0001248" startTime="2026-02-23T22:25:07.1587964-06:00" endTime="2026-02-23T22:25:07.1588429-06:00" testType="13cdc9d9-ddb5-4fa4-a97d-d965ccfc6d4b" outcome="Passed" testListId="8c84fa94-04c1-424b-9868-57a2d4851a1d" relativeResultsDirectory="71ace868-51d1-48b9-af78-bf76052d6a32" />
    <UnitTestResult executionId="979ac57a-8296-459e-a3dd-7edbfbd6277e" testId="22e2185b-de75-779d-bc93-94d116f50831" testName="Dungnz.Tests.InventoryDisplayRegressionTests.ShowInventory_LongItemName_NoDoubleTruncationArtifact" computerName="anthony-nobara-pc" duration="00:00:00.0002372" startTime="2026-02-23T22:25:07.1772042-06:00" endTime="2026-02-23T22:25:07.1772848-06:00" testType="13cdc9d9-ddb5-4fa4-a97d-d965ccfc6d4b" outcome="Passed" testListId="8c84fa94-04c1-424b-9868-57a2d4851a1d" relativeResultsDirectory="979ac57a-8296-459e-a3dd-7edbfbd6277e" />
    <UnitTestResult executionId="6d4947e3-b716-4583-863d-982e54077273" testId="31637e30-0c99-78cd-ee55-cb5efb741d48" testName="Dungnz.Tests.LootDisplayTests.ShowItemPickup_AtWeightCapacity_UsesRedWarningColor" computerName="anthony-nobara-pc" duration="00:00:00.0001115" startTime="2026-02-23T22:25:07.1598011-06:00" endTime="2026-02-23T22:25:07.1598667-06:00" testType="13cdc9d9-ddb5-4fa4-a97d-d965ccfc6d4b" outcome="Passed" testListId="8c84fa94-04c1-424b-9868-57a2d4851a1d" relativeResultsDirectory="6d4947e3-b716-4583-863d-982e54077273" />
    <UnitTestResult executionId="baa26802-9669-4869-a822-76d6c04c380b" testId="5ed3b3a3-28da-52dd-b526-7a311108dc5b" testName="Dungnz.Tests.LootDisplayTests.ShowLootDrop_EachItemType_ShowsCorrectIcon(type: Weapon, expectedIcon: &quot;⚔&quot;)" computerName="anthony-nobara-pc" duration="00:00:00.0000169" startTime="2026-02-23T22:25:07.1608180-06:00" endTime="2026-02-23T22:25:07.1608885-06:00" testType="13cdc9d9-ddb5-4fa4-a97d-d965ccfc6d4b" outcome="Passed" testListId="8c84fa94-04c1-424b-9868-57a2d4851a1d" relativeResultsDirectory="baa26802-9669-4869-a822-76d6c04c380b" />
    <UnitTestResult executionId="c85691c3-8f0f-4afa-83be-baae43859ba5" testId="c7d8613d-6858-37de-fdc3-ee1efa6f3f97" testName="Dungnz.Tests.TierDisplayTests.ShowLootDrop_CommonItem_DoesNotContainBrightCyan" computerName="anthony-nobara-pc" duration="00:00:00.0001672" startTime="2026-02-23T22:25:07.1516656-06:00" endTime="2026-02-23T22:25:07.1517271-06:00" testType="13cdc9d9-ddb5-4fa4-a97d-d965ccfc6d4b" outcome="Passed" testListId="8c84fa94-04c1-424b-9868-57a2d4851a1d" relativeResultsDirectory="c85691c3-8f0f-4afa-83be-baae43859ba5" />
    <UnitTestResult executionId="02af9b96-8739-4d28-b378-66a86b602dbc" testId="9781a67c-3920-19e6-dd52-be5868d79098" testName="Dungnz.Tests.DisplayServiceTests.ShowCombatStatus_WritesHp" computerName="anthony-nobara-pc" duration="00:00:00.0012806" startTime="2026-02-23T22:25:07.1825283-06:00" endTime="2026-02-23T22:25:07.1826082-06:00" testType="13cdc9d9-ddb5-4fa4-a97d-d965ccfc6d4b" outcome="Passed" testListId="8c84fa94-04c1-424b-9868-57a2d4851a1d" relativeResultsDirectory="02af9b96-8739-4d28-b378-66a86b602dbc" />
    <UnitTestResult executionId="f60beff8-f5a0-4c72-aa82-669fcf67ed59" testId="853e927f-3b33-d8cb-1233-e4c233428b4f" testName="Dungnz.Tests.StatusEffectManagerTests.RemoveDebuffs_RemovesNegativeEffects_KeepsRegen" computerName="anthony-nobara-pc" duration="00:00:00.0030083" startTime="2026-02-23T22:25:07.0939775-06:00" endTime="2026-02-23T22:25:07.0994339-06:00" testType="13cdc9d9-ddb5-4fa4-a97d-d965ccfc6d4b" outcome="Passed" testListId="8c84fa94-04c1-424b-9868-57a2d4851a1d" relativeResultsDirectory="f60beff8-f5a0-4c72-aa82-669fcf67ed59" />
    <UnitTestResult executionId="25e744c5-24d8-47a5-bc35-6c4a4e85bdcc" testId="70c231c2-c516-76c9-fec0-a621928a090a" testName="Dungnz.Tests.SaveSystemTests.RoundTrip_EnemyInRoom_Preserved" computerName="anthony-nobara-pc" duration="00:00:00.0006705" startTime="2026-02-23T22:25:07.1906562-06:00" endTime="2026-02-23T22:25:07.1907134-06:00" testType="13cdc9d9-ddb5-4fa4-a97d-d965ccfc6d4b" outcome="Passed" testListId="8c84fa94-04c1-424b-9868-57a2d4851a1d" relativeResultsDirectory="25e744c5-24d8-47a5-bc35-6c4a4e85bdcc" />
    <UnitTestResult executionId="b8898542-ab9d-429c-8bca-2be7ff82348d" testId="bf07d254-dc76-2df7-6b01-e8525be4e2bf" testName="Dungnz.Tests.CombatEngineTests.Bug86_BattleHardenedSkill_ReducesIncomingDamageBy5Percent" computerName="anthony-nobara-pc" duration="00:00:00.0003378" startTime="2026-02-23T22:25:07.1416765-06:00" endTime="2026-02-23T22:25:07.1419545-06:00" testType="13cdc9d9-ddb5-4fa4-a97d-d965ccfc6d4b" outcome="Passed" testListId="8c84fa94-04c1-424b-9868-57a2d4851a1d" relativeResultsDirectory="b8898542-ab9d-429c-8bca-2be7ff82348d" />
    <UnitTestResult executionId="0d376017-7646-4983-99f7-b4c9ac25e34a" testId="c726b11c-161f-d500-f338-6987041919d0" testName="Dungnz.Tests.SkillTreeTests.Unlock_RestoredFromSave_DoesNotApplyBonuses" computerName="anthony-nobara-pc" duration="00:00:00.0011511" startTime="2026-02-23T22:25:07.0522946-06:00" endTime="2026-02-23T22:25:07.0534736-06:00" testType="13cdc9d9-ddb5-4fa4-a97d-d965ccfc6d4b" outcome="Passed" testListId="8c84fa94-04c1-424b-9868-57a2d4851a1d" relativeResultsDirectory="0d376017-7646-4983-99f7-b4c9ac25e34a" />
    <UnitTestResult executionId="54c56b37-d5a4-41f7-9fe0-ec1b83b374f4" testId="e4f6b121-43f3-acd0-fcc6-41e9fac025be" testName="Dungnz.Tests.LootDisplayTests.ShowItemPickup_AtSlotCapacity_UsesRedWarningColor" computerName="anthony-nobara-pc" duration="00:00:00.0001522" startTime="2026-02-23T22:25:07.1635388-06:00" endTime="2026-02-23T22:25:07.1636024-06:00" testType="13cdc9d9-ddb5-4fa4-a97d-d965ccfc6d4b" outcome="Passed" testListId="8c84fa94-04c1-424b-9868-57a2d4851a1d" relativeResultsDirectory="54c56b37-d5a4-41f7-9fe0-ec1b83b374f4" />
    <UnitTestResult executionId="10b22a9d-dd21-4d94-bbb1-a59fd45586f5" testId="374563ca-903e-639c-87d9-aa9403142d62" testName="Dungnz.Tests.InventoryManagerTests.UseItem_Consumable_ClampsToMaxHP" computerName="anthony-nobara-pc" duration="00:00:00.0002238" startTime="2026-02-23T22:25:07.0745457-06:00" endTime="2026-02-23T22:25:07.0747162-06:00" testType="13cdc9d9-ddb5-4fa4-a97d-d965ccfc6d4b" outcome="Passed" testListId="8c84fa94-04c1-424b-9868-57a2d4851a1d" relativeResultsDirectory="10b22a9d-dd21-4d94-bbb1-a59fd45586f5" />
    <UnitTestResult executionId="58d79bf8-42ea-4eb8-bbf2-5e0a0381474c" testId="a195dd64-8ef8-7316-fede-c5f965bc89fe" testName="Dungnz.Tests.Phase1DisplayTests.CombatEngine_CriticalHit_ProducesColorizedMessage" computerName="anthony-nobara-pc" duration="00:00:00.0009662" startTime="2026-02-23T22:25:07.1012626-06:00" endTime="2026-02-23T22:25:07.1056178-06:00" testType="13cdc9d9-ddb5-4fa4-a97d-d965ccfc6d4b" outcome="Passed" testListId="8c84fa94-04c1-424b-9868-57a2d4851a1d" relativeResultsDirectory="58d79bf8-42ea-4eb8-bbf2-5e0a0381474c" />
    <UnitTestResult executionId="ccc798be-116f-496f-bee8-389c12a90fdc" testId="a57c88c1-e1ea-64e5-d9ab-d3d6b7262718" testName="Dungnz.Tests.InventoryDisplayRegressionTests.ShowLootDrop_AllTiers_Accessory_DoNotThrow(tier: Common)" computerName="anthony-nobara-pc" duration="00:00:00.0003966" startTime="2026-02-23T22:25:07.1711924-06:00" endTime="2026-02-23T22:25:07.1712517-06:00" testType="13cdc9d9-ddb5-4fa4-a97d-d965ccfc6d4b" outcome="Passed" testListId="8c84fa94-04c1-424b-9868-57a2d4851a1d" relativeResultsDirectory="ccc798be-116f-496f-bee8-389c12a90fdc" />
    <UnitTestResult executionId="c40e5c76-d92a-4bb5-bf7b-c40c0d73d598" testId="41022188-5098-f4ea-f91d-75668cb20f89" testName="Dungnz.Tests.CombatEngineTests.Bug110_BleedOnHit_MessageShown_WhenWeaponHasBleed" computerName="anthony-nobara-pc" duration="00:00:00.0006805" startTime="2026-02-23T22:25:07.1460686-06:00" endTime="2026-02-23T22:25:07.1461109-06:00" testType="13cdc9d9-ddb5-4fa4-a97d-d965ccfc6d4b" outcome="Passed" testListId="8c84fa94-04c1-424b-9868-57a2d4851a1d" relativeResultsDirectory="c40e5c76-d92a-4bb5-bf7b-c40c0d73d598" />
    <UnitTestResult executionId="06126cb5-2ca4-4445-a392-641934e6e321" testId="5e074e52-0348-8387-c50d-f4fa5bf60adb" testName="Dungnz.Tests.CombatEngineTests.Bug85_EquipmentDodgeBonus_IncludedInPlayerDodgeRoll" computerName="anthony-nobara-pc" duration="00:00:00.0006447" startTime="2026-02-23T22:25:07.1376526-06:00" endTime="2026-02-23T22:25:07.1377288-06:00" testType="13cdc9d9-ddb5-4fa4-a97d-d965ccfc6d4b" outcome="Passed" testListId="8c84fa94-04c1-424b-9868-57a2d4851a1d" relativeResultsDirectory="06126cb5-2ca4-4445-a392-641934e6e321" />
    <UnitTestResult executionId="56baee57-2448-45f8-a355-29aecccc34d0" testId="3025a418-70c5-1b1b-9ea7-968a2a789bae" testName="Dungnz.Tests.GameLoopTests.InventoryCommand_DisplaysInventory" computerName="anthony-nobara-pc" duration="00:00:00.1133210" startTime="2026-02-23T22:25:07.1309296-06:00" endTime="2026-02-23T22:25:07.1854096-06:00" testType="13cdc9d9-ddb5-4fa4-a97d-d965ccfc6d4b" outcome="Passed" testListId="8c84fa94-04c1-424b-9868-57a2d4851a1d" relativeResultsDirectory="56baee57-2448-45f8-a355-29aecccc34d0" />
    <UnitTestResult executionId="ed5e79dc-5ace-448a-8030-43af605e9564" testId="ad3401e5-4731-1233-927e-f0bf51df2c90" testName="Dungnz.Tests.CombatEngineTests.Bug86_PowerStrikeSkill_IncreasesPlayerDamageBy15Percent" computerName="anthony-nobara-pc" duration="00:00:00.0006791" startTime="2026-02-23T22:25:07.1420621-06:00" endTime="2026-02-23T22:25:07.1457950-06:00" testType="13cdc9d9-ddb5-4fa4-a97d-d965ccfc6d4b" outcome="Passed" testListId="8c84fa94-04c1-424b-9868-57a2d4851a1d" relativeResultsDirectory="ed5e79dc-5ace-448a-8030-43af605e9564" />
    <UnitTestResult executionId="f2e241b9-c8b1-493d-a610-65d2900d6a24" testId="4e0b1d7f-ae18-b2cf-f406-3c838377e09d" testName="Dungnz.Tests.TierDisplayTests.ShowLootDrop_RareItem_ItemNamePrecededByBrightCyan" computerName="anthony-nobara-pc" duration="00:00:00.0001740" startTime="2026-02-23T22:25:07.1514047-06:00" endTime="2026-02-23T22:25:07.1514510-06:00" testType="13cdc9d9-ddb5-4fa4-a97d-d965ccfc6d4b" outcome="Passed" testListId="8c84fa94-04c1-424b-9868-57a2d4851a1d" relativeResultsDirectory="f2e241b9-c8b1-493d-a610-65d2900d6a24" />
    <UnitTestResult executionId="9774c58d-2dbe-4c2f-9640-596d372cfe71" testId="6048fda4-d0f3-eb1d-d8eb-7285c85ce1c0" testName="Dungnz.Tests.PrestigeSystemTests.Load_CreatesDefaultIfNoFile" computerName="anthony-nobara-pc" duration="00:00:00.0002562" startTime="2026-02-23T22:25:07.0585604-06:00" endTime="2026-02-23T22:25:07.0590924-06:00" testType="13cdc9d9-ddb5-4fa4-a97d-d965ccfc6d4b" outcome="Passed" testListId="8c84fa94-04c1-424b-9868-57a2d4851a1d" relativeResultsDirectory="9774c58d-2dbe-4c2f-9640-596d372cfe71" />
    <UnitTestResult executionId="95f7cb73-412d-4284-a7fd-22096e9b95fa" testId="fc8c28bb-3ec7-969f-17a5-077d2783059a" testName="Dungnz.Tests.PlayerTests.Stats_CanBeModified" computerName="anthony-nobara-pc" duration="00:00:00.0005349" startTime="2026-02-23T22:25:07.0827592-06:00" endTime="2026-02-23T22:25:07.0841549-06:00" testType="13cdc9d9-ddb5-4fa4-a97d-d965ccfc6d4b" outcome="Passed" testListId="8c84fa94-04c1-424b-9868-57a2d4851a1d" relativeResultsDirectory="95f7cb73-412d-4284-a7fd-22096e9b95fa" />
    <UnitTestResult executionId="18253b6a-d1ec-4614-b8a4-48052ff50dc0" testId="55dd04fe-e2d1-19dc-c8c4-5f2a7cef2ad2" testName="Dungnz.Tests.CommandParserTests.LookCommands_ReturnLook(input: &quot;l&quot;)" computerName="anthony-nobara-pc" duration="00:00:00.0001882" startTime="2026-02-23T22:25:07.1055119-06:00" endTime="2026-02-23T22:25:07.1134385-06:00" testType="13cdc9d9-ddb5-4fa4-a97d-d965ccfc6d4b" outcome="Passed" testListId="8c84fa94-04c1-424b-9868-57a2d4851a1d" relativeResultsDirectory="18253b6a-d1ec-4614-b8a4-48052ff50dc0" />
    <UnitTestResult executionId="786c9c92-5dad-4646-82e9-947efb53e3ef" testId="a2994777-05ea-64ae-8a42-954f47fe6a4c" testName="Dungnz.Tests.InventoryManagerTests.UseItem_Armor_IncreasesDefense" computerName="anthony-nobara-pc" duration="00:00:00.0002958" startTime="2026-02-23T22:25:07.0701312-06:00" endTime="2026-02-23T22:25:07.0701865-06:00" testType="13cdc9d9-ddb5-4fa4-a97d-d965ccfc6d4b" outcome="Passed" testListId="8c84fa94-04c1-424b-9868-57a2d4851a1d" relativeResultsDirectory="786c9c92-5dad-4646-82e9-947efb53e3ef" />
    <UnitTestResult executionId="1cb6743d-1cd4-4d42-a5da-2edbd8fc2b6e" testId="2b4b82dd-b73d-65cb-9f3e-1a864d0d8c23" testName="Dungnz.Tests.LootDisplayTests.ShowLootDrop_EachItemType_ShowsCorrectIcon(type: Armor, expectedIcon: &quot;\ud83d\udee1&quot;)" computerName="anthony-nobara-pc" duration="00:00:00.0001778" startTime="2026-02-23T22:25:07.1601141-06:00" endTime="2026-02-23T22:25:07.1601794-06:00" testType="13cdc9d9-ddb5-4fa4-a97d-d965ccfc6d4b" outcome="Passed" testListId="8c84fa94-04c1-424b-9868-57a2d4851a1d" relativeResultsDirectory="1cb6743d-1cd4-4d42-a5da-2edbd8fc2b6e" />
    <UnitTestResult executionId="5d5f7dab-f3db-4ad6-a246-11a5ac7c2535" testId="afebad00-a196-7dd2-2b05-ae40384c8662" testName="Dungnz.Tests.PlayerManaTests.LevelUp_IncreasesMaxManaBy10" computerName="anthony-nobara-pc" duration="00:00:00.0001062" startTime="2026-02-23T22:25:07.1291401-06:00" endTime="2026-02-23T22:25:07.1295390-06:00" testType="13cdc9d9-ddb5-4fa4-a97d-d965ccfc6d4b" outcome="Passed" testListId="8c84fa94-04c1-424b-9868-57a2d4851a1d" relativeResultsDirectory="5d5f7dab-f3db-4ad6-a246-11a5ac7c2535" />
    <UnitTestResult executionId="ba45b6e0-9417-4d77-b1fe-972a3fa01f6b" testId="491e8359-d3c2-35bc-3122-15e3d50247df" testName="Dungnz.Tests.InventoryDisplayRegressionTests.ShowItemDetail_AllTypesAndTiers_DoNotThrow(name: &quot;Rusty Dagger&quot;, type: Weapon, tier: Common, atk: 2, def: 0, mana: 0)" computerName="anthony-nobara-pc" duration="00:00:00.0000837" startTime="2026-02-23T22:25:07.1732606-06:00" endTime="2026-02-23T22:25:07.1733301-06:00" testType="13cdc9d9-ddb5-4fa4-a97d-d965ccfc6d4b" outcome="Passed" testListId="8c84fa94-04c1-424b-9868-57a2d4851a1d" relativeResultsDirectory="ba45b6e0-9417-4d77-b1fe-972a3fa01f6b" />
    <UnitTestResult executionId="3cb2abea-f38f-4f0b-b805-54df03ca5dcc" testId="74e7d6e5-37d3-0300-0c3c-dd0867c3d82d" testName="Dungnz.Tests.CommandParserTests.SingleDirectionInput_ReturnsGoCommand(input: &quot;south&quot;, expectedArg: &quot;south&quot;)" computerName="anthony-nobara-pc" duration="00:00:00.0000097" startTime="2026-02-23T22:25:07.1250469-06:00" endTime="2026-02-23T22:25:07.1251191-06:00" testType="13cdc9d9-ddb5-4fa4-a97d-d965ccfc6d4b" outcome="Passed" testListId="8c84fa94-04c1-424b-9868-57a2d4851a1d" relativeResultsDirectory="3cb2abea-f38f-4f0b-b805-54df03ca5dcc" />
    <UnitTestResult executionId="fc098134-2310-4dfb-a8ec-e54e791ecf1e" testId="5f0c839a-034c-f18a-4998-f42bbc15aa69" testName="Dungnz.Tests.EquipmentSystemTests.EquipManager_HandleEquip_EquipsItem" computerName="anthony-nobara-pc" duration="00:00:00.0052452" startTime="2026-02-23T22:25:07.0531517-06:00" endTime="2026-02-23T22:25:07.0641033-06:00" testType="13cdc9d9-ddb5-4fa4-a97d-d965ccfc6d4b" outcome="Passed" testListId="8c84fa94-04c1-424b-9868-57a2d4851a1d" relativeResultsDirectory="fc098134-2310-4dfb-a8ec-e54e791ecf1e" />
    <UnitTestResult executionId="bab66d32-fcec-43a6-8b2d-850770e2868f" testId="3745b549-d226-5b61-735b-438c420805ed" testName="Dungnz.Tests.Phase3LootPolishTests.ShowLootDrop_UncommonItem_OutputContainsUncommonBadge" computerName="anthony-nobara-pc" duration="00:00:00.0001252" startTime="2026-02-23T22:25:07.1572025-06:00" endTime="2026-02-23T22:25:07.1572481-06:00" testType="13cdc9d9-ddb5-4fa4-a97d-d965ccfc6d4b" outcome="Passed" testListId="8c84fa94-04c1-424b-9868-57a2d4851a1d" relativeResultsDirectory="bab66d32-fcec-43a6-8b2d-850770e2868f" />
    <UnitTestResult executionId="1edbada4-dce9-4d5a-b5fd-6cbf7d20b365" testId="9f8e142d-cf16-3f8f-1bdf-1bcce546d1fb" testName="Dungnz.Tests.DisplayServiceTests.ShowHelp_WritesCommands" computerName="anthony-nobara-pc" duration="00:00:00.0003094" startTime="2026-02-23T22:25:07.1800174-06:00" endTime="2026-02-23T22:25:07.1801021-06:00" testType="13cdc9d9-ddb5-4fa4-a97d-d965ccfc6d4b" outcome="Passed" testListId="8c84fa94-04c1-424b-9868-57a2d4851a1d" relativeResultsDirectory="1edbada4-dce9-4d5a-b5fd-6cbf7d20b365" />
    <UnitTestResult executionId="98d6d306-d30a-4beb-ab36-3c485fbc97b7" testId="33d64206-70af-6b6c-be93-130fb2ee76be" testName="Dungnz.Tests.IntroSequenceTests.Run_ReturnsDifficultyCasual_WhenSelectDifficultyReturnsCasual" computerName="anthony-nobara-pc" duration="00:00:00.0001512" startTime="2026-02-23T22:25:07.0772641-06:00" endTime="2026-02-23T22:25:07.0778163-06:00" testType="13cdc9d9-ddb5-4fa4-a97d-d965ccfc6d4b" outcome="Passed" testListId="8c84fa94-04c1-424b-9868-57a2d4851a1d" relativeResultsDirectory="98d6d306-d30a-4beb-ab36-3c485fbc97b7" />
    <UnitTestResult executionId="772c54e1-937f-4f44-adf5-fee71ab1eadf" testId="18d4ca14-6a3b-673c-14e2-91f561307582" testName="Dungnz.Tests.InventoryDisplayRegressionTests.HandleEquip_ThenHandleUnequip_AllTierAccessories_NoExceptions" computerName="anthony-nobara-pc" duration="00:00:00.0012384" startTime="2026-02-23T22:25:07.1769843-06:00" endTime="2026-02-23T22:25:07.1770692-06:00" testType="13cdc9d9-ddb5-4fa4-a97d-d965ccfc6d4b" outcome="Passed" testListId="8c84fa94-04c1-424b-9868-57a2d4851a1d" relativeResultsDirectory="772c54e1-937f-4f44-adf5-fee71ab1eadf" />
    <UnitTestResult executionId="430cf620-debd-4d2d-a0ef-20a5fde1aa8e" testId="2cda5aea-9278-31c5-7adb-19f30ab02fab" testName="Dungnz.Tests.Phase3LootPolishTests.ShowLootDrop_NewWeaponWeakerThanEquipped_ShowsNoVsEquipped" computerName="anthony-nobara-pc" duration="00:00:00.0001437" startTime="2026-02-23T22:25:07.1577826-06:00" endTime="2026-02-23T22:25:07.1578293-06:00" testType="13cdc9d9-ddb5-4fa4-a97d-d965ccfc6d4b" outcome="Passed" testListId="8c84fa94-04c1-424b-9868-57a2d4851a1d" relativeResultsDirectory="430cf620-debd-4d2d-a0ef-20a5fde1aa8e" />
    <UnitTestResult executionId="a7c07b7b-e2d7-4f46-9415-a5235095b35e" testId="678209f3-90f7-184e-ed49-a068b8e54afb" testName="Dungnz.Tests.IntroSequenceTests.Run_CallsShowEnhancedTitleBeforeShowIntroNarrative" computerName="anthony-nobara-pc" duration="00:00:00.0002993" startTime="2026-02-23T22:25:07.0872981-06:00" endTime="2026-02-23T22:25:07.0890990-06:00" testType="13cdc9d9-ddb5-4fa4-a97d-d965ccfc6d4b" outcome="Passed" testListId="8c84fa94-04c1-424b-9868-57a2d4851a1d" relativeResultsDirectory="a7c07b7b-e2d7-4f46-9415-a5235095b35e" />
    <UnitTestResult executionId="7e8b7ada-a667-4eae-9c9a-38eb432d6f6a" testId="30bbbe8a-b051-2546-15f6-992c6c4aa80c" testName="Dungnz.Tests.DisplayServiceTests.ShowInventory_WithItems_ShowsItemNames" computerName="anthony-nobara-pc" duration="00:00:00.0001856" startTime="2026-02-23T22:25:07.1795531-06:00" endTime="2026-02-23T22:25:07.1796502-06:00" testType="13cdc9d9-ddb5-4fa4-a97d-d965ccfc6d4b" outcome="Passed" testListId="8c84fa94-04c1-424b-9868-57a2d4851a1d" relativeResultsDirectory="7e8b7ada-a667-4eae-9c9a-38eb432d6f6a" />
    <UnitTestResult executionId="d258d930-8eb1-4c5d-8837-ef51436a2f27" testId="6ba4328c-97ee-57cd-2b20-ca0a583657a6" testName="Dungnz.Tests.TierDisplayTests.ShowInventory_UncommonItem_ItemNamePrecededByGreen" computerName="anthony-nobara-pc" duration="00:00:00.0001507" startTime="2026-02-23T22:25:07.1545907-06:00" endTime="2026-02-23T22:25:07.1546969-06:00" testType="13cdc9d9-ddb5-4fa4-a97d-d965ccfc6d4b" outcome="Passed" testListId="8c84fa94-04c1-424b-9868-57a2d4851a1d" relativeResultsDirectory="d258d930-8eb1-4c5d-8837-ef51436a2f27" />
    <UnitTestResult executionId="be6bdb55-26c5-4ec7-8b5c-fb813475d305" testId="98de4abd-ba5a-5ac0-7fc4-912c76809b6d" testName="Dungnz.Tests.EnemyFactoryTests.CreateScaled_GoldRewardsScale" computerName="anthony-nobara-pc" duration="00:00:00.0001617" startTime="2026-02-23T22:25:07.1488036-06:00" endTime="2026-02-23T22:25:07.1488316-06:00" testType="13cdc9d9-ddb5-4fa4-a97d-d965ccfc6d4b" outcome="Passed" testListId="8c84fa94-04c1-424b-9868-57a2d4851a1d" relativeResultsDirectory="be6bdb55-26c5-4ec7-8b5c-fb813475d305" />
    <UnitTestResult executionId="587ef4ad-ad7d-44e3-b803-8bd3997a3c1c" testId="2232d146-4e00-31b4-7892-a4363920e7fd" testName="Dungnz.Tests.LootDisplayTests.ShowItemPickup_BelowCapacity_UsesGreenColor" computerName="anthony-nobara-pc" duration="00:00:00.0001428" startTime="2026-02-23T22:25:07.1622616-06:00" endTime="2026-02-23T22:25:07.1623214-06:00" testType="13cdc9d9-ddb5-4fa4-a97d-d965ccfc6d4b" outcome="Passed" testListId="8c84fa94-04c1-424b-9868-57a2d4851a1d" relativeResultsDirectory="587ef4ad-ad7d-44e3-b803-8bd3997a3c1c" />
    <UnitTestResult executionId="47b9536a-8eb0-4a3f-b311-57a6a9a4d89f" testId="b585addb-dee8-328e-af33-bd4a5c0ac0ca" testName="Dungnz.Tests.Phase3LootPolishTests.ShowItemPickup_At79PercentWeight_ShowsNoWeightWarning" computerName="anthony-nobara-pc" duration="00:00:00.0001473" startTime="2026-02-23T22:25:07.1578997-06:00" endTime="2026-02-23T22:25:07.1579562-06:00" testType="13cdc9d9-ddb5-4fa4-a97d-d965ccfc6d4b" outcome="Passed" testListId="8c84fa94-04c1-424b-9868-57a2d4851a1d" relativeResultsDirectory="47b9536a-8eb0-4a3f-b311-57a6a9a4d89f" />
    <UnitTestResult executionId="6c37a64d-830b-4a6a-9f7b-0410bc4e2848" testId="88f49956-37d2-a21e-071c-04614c98f93a" testName="Dungnz.Tests.AchievementSystemTests.SpeedRunner_DoesNotUnlock_WhenTurnsTaken100_AndWon" computerName="anthony-nobara-pc" duration="00:00:00.0006528" startTime="2026-02-23T22:25:07.0870647-06:00" endTime="2026-02-23T22:25:07.0896237-06:00" testType="13cdc9d9-ddb5-4fa4-a97d-d965ccfc6d4b" outcome="Passed" testListId="8c84fa94-04c1-424b-9868-57a2d4851a1d" relativeResultsDirectory="6c37a64d-830b-4a6a-9f7b-0410bc4e2848" />
    <UnitTestResult executionId="9a87d923-0b14-4ddf-ba2f-66baa8cd5f16" testId="49c70317-0625-6058-a9b2-279da390f594" testName="Dungnz.Tests.EnemyTests.DarkKnight_HasCorrectStats" computerName="anthony-nobara-pc" duration="00:00:00.0153424" startTime="2026-02-23T22:25:06.9696842-06:00" endTime="2026-02-23T22:25:07.0566341-06:00" testType="13cdc9d9-ddb5-4fa4-a97d-d965ccfc6d4b" outcome="Passed" testListId="8c84fa94-04c1-424b-9868-57a2d4851a1d" relativeResultsDirectory="9a87d923-0b14-4ddf-ba2f-66baa8cd5f16" />
    <UnitTestResult executionId="792d3006-590f-462b-8f62-ae6c49055a5b" testId="883014cf-53b3-e11d-d959-4018bf65b300" testName="Dungnz.Tests.AbilityManagerTests.UseAbility_PowerStrike_PutsOnCooldown" computerName="anthony-nobara-pc" duration="00:00:00.0004075" startTime="2026-02-23T22:25:07.1182430-06:00" endTime="2026-02-23T22:25:07.1201525-06:00" testType="13cdc9d9-ddb5-4fa4-a97d-d965ccfc6d4b" outcome="Passed" testListId="8c84fa94-04c1-424b-9868-57a2d4851a1d" relativeResultsDirectory="792d3006-590f-462b-8f62-ae6c49055a5b" />
    <UnitTestResult executionId="b908da5f-4e11-4640-b979-325c00321133" testId="91eba1c0-350e-1f38-4245-62066e18257b" testName="Dungnz.Tests.NarrationServiceTests.Chance_ZeroProbability_ReturnsFalse" computerName="anthony-nobara-pc" duration="00:00:00.0002702" startTime="2026-02-23T22:25:07.0595743-06:00" endTime="2026-02-23T22:25:07.0598571-06:00" testType="13cdc9d9-ddb5-4fa4-a97d-d965ccfc6d4b" outcome="Passed" testListId="8c84fa94-04c1-424b-9868-57a2d4851a1d" relativeResultsDirectory="b908da5f-4e11-4640-b979-325c00321133" />
    <UnitTestResult executionId="d3431ffa-aee6-4e5a-804f-0c1b224bf826" testId="ee4f478c-d136-6e51-3f7b-d1ce906f0cd5" testName="Dungnz.Tests.GameLoopTests.BossRoom_CanEnterExitRoomWithBossAlive_CombatTriggered" computerName="anthony-nobara-pc" duration="00:00:00.0221236" startTime="2026-02-23T22:25:07.4496197-06:00" endTime="2026-02-23T22:25:07.4716787-06:00" testType="13cdc9d9-ddb5-4fa4-a97d-d965ccfc6d4b" outcome="Passed" testListId="8c84fa94-04c1-424b-9868-57a2d4851a1d" relativeResultsDirectory="d3431ffa-aee6-4e5a-804f-0c1b224bf826" />
    <UnitTestResult executionId="8974e8d6-716d-4bea-80dd-8f0716753583" testId="e39ccb2c-c936-5472-887f-fe5c0254bc7a" testName="Dungnz.Tests.CommandParserTests.HelpCommands_ReturnHelp(input: &quot;h&quot;)" computerName="anthony-nobara-pc" duration="00:00:00.0001515" startTime="2026-02-23T22:25:07.1032599-06:00" endTime="2026-02-23T22:25:07.1033904-06:00" testType="13cdc9d9-ddb5-4fa4-a97d-d965ccfc6d4b" outcome="Passed" testListId="8c84fa94-04c1-424b-9868-57a2d4851a1d" relativeResultsDirectory="8974e8d6-716d-4bea-80dd-8f0716753583" />
    <UnitTestResult executionId="26c9be96-dfc2-4876-a988-6d4a9cf423d8" testId="e510618c-3125-f7ac-0808-357300873f2b" testName="Dungnz.Tests.AchievementSystemTests.SpeedRunner_Unlocks_WhenTurnsTaken99_AndWon" computerName="anthony-nobara-pc" duration="00:00:00.0011578" startTime="2026-02-23T22:25:07.0553891-06:00" endTime="2026-02-23T22:25:07.0564167-06:00" testType="13cdc9d9-ddb5-4fa4-a97d-d965ccfc6d4b" outcome="Passed" testListId="8c84fa94-04c1-424b-9868-57a2d4851a1d" relativeResultsDirectory="26c9be96-dfc2-4876-a988-6d4a9cf423d8" />
    <UnitTestResult executionId="769c5f2a-c8a2-4f94-a1d5-0819f2e8f9da" testId="d377d36e-0d32-ff1e-6dd0-59545aff096a" testName="Dungnz.Tests.SaveSystemTests.RoundTrip_BossVariant_Preserved(bossType: &quot;shadowwraith&quot;)" computerName="anthony-nobara-pc" duration="00:00:00.1433362" startTime="2026-02-23T22:25:06.9697324-06:00" endTime="2026-02-23T22:25:07.1843447-06:00" testType="13cdc9d9-ddb5-4fa4-a97d-d965ccfc6d4b" outcome="Passed" testListId="8c84fa94-04c1-424b-9868-57a2d4851a1d" relativeResultsDirectory="769c5f2a-c8a2-4f94-a1d5-0819f2e8f9da" />
    <UnitTestResult executionId="c6431276-0fcf-4645-bb04-8a31e48c65d5" testId="2bc2401d-5ace-015f-55d0-9762b20d9151" testName="Dungnz.Tests.DisplayServiceTests.ShowLootDrop_WritesItemName" computerName="anthony-nobara-pc" duration="00:00:00.0001627" startTime="2026-02-23T22:25:07.1823225-06:00" endTime="2026-02-23T22:25:07.1824018-06:00" testType="13cdc9d9-ddb5-4fa4-a97d-d965ccfc6d4b" outcome="Passed" testListId="8c84fa94-04c1-424b-9868-57a2d4851a1d" relativeResultsDirectory="c6431276-0fcf-4645-bb04-8a31e48c65d5" />
    <UnitTestResult executionId="05a3268f-23f3-4f8d-85a8-717f5e543612" testId="3bc7ea8f-629c-b372-9f58-5b45029a03b5" testName="Dungnz.Tests.DisplayServiceTests.ShowPlayerStats_WritesStats" computerName="anthony-nobara-pc" duration="00:00:00.0016034" startTime="2026-02-23T22:25:07.1819230-06:00" endTime="2026-02-23T22:25:07.1820036-06:00" testType="13cdc9d9-ddb5-4fa4-a97d-d965ccfc6d4b" outcome="Passed" testListId="8c84fa94-04c1-424b-9868-57a2d4851a1d" relativeResultsDirectory="05a3268f-23f3-4f8d-85a8-717f5e543612" />
    <UnitTestResult executionId="7c268447-d652-4036-abea-c010f57cd2d5" testId="7c529dc5-318c-e648-a8bc-30ad1b720154" testName="Dungnz.Tests.InventoryManagerTests.HasItem_ItemPresent_ReturnsTrue" computerName="anthony-nobara-pc" duration="00:00:00.0004084" startTime="2026-02-23T22:25:07.0658229-06:00" endTime="2026-02-23T22:25:07.0658840-06:00" testType="13cdc9d9-ddb5-4fa4-a97d-d965ccfc6d4b" outcome="Passed" testListId="8c84fa94-04c1-424b-9868-57a2d4851a1d" relativeResultsDirectory="7c268447-d652-4036-abea-c010f57cd2d5" />
    <UnitTestResult executionId="ad9aea92-4e25-4d80-999b-6ec00d5e0192" testId="04338884-eb46-e0dc-8efb-9663eff2ed7b" testName="Dungnz.Tests.LootDisplayTests.ShowGoldPickup_ShowsPickedUpAmount" computerName="anthony-nobara-pc" duration="00:00:00.0000914" startTime="2026-02-23T22:25:07.1643771-06:00" endTime="2026-02-23T22:25:07.1644445-06:00" testType="13cdc9d9-ddb5-4fa4-a97d-d965ccfc6d4b" outcome="Passed" testListId="8c84fa94-04c1-424b-9868-57a2d4851a1d" relativeResultsDirectory="ad9aea92-4e25-4d80-999b-6ec00d5e0192" />
    <UnitTestResult executionId="6aac6c3e-49d6-4037-b701-5274964bf749" testId="eacdb619-a7c1-3f19-ee51-d6299569ff17" testName="Dungnz.Tests.AbilityManagerTests.UseAbility_InsufficientMana_ReturnsFailure" computerName="anthony-nobara-pc" duration="00:00:00.0031696" startTime="2026-02-23T22:25:07.0993735-06:00" endTime="2026-02-23T22:25:07.1179821-06:00" testType="13cdc9d9-ddb5-4fa4-a97d-d965ccfc6d4b" outcome="Passed" testListId="8c84fa94-04c1-424b-9868-57a2d4851a1d" relativeResultsDirectory="6aac6c3e-49d6-4037-b701-5274964bf749" />
    <UnitTestResult executionId="e977ef57-8975-4057-94e5-4ecb2fb04ce2" testId="e99eabe9-3496-c791-03cd-60159a272f7d" testName="Dungnz.Tests.GameLoopTests.GoNorth_WhenExitExists_MovesPlayer" computerName="anthony-nobara-pc" duration="00:00:00.0223393" startTime="2026-02-23T22:25:07.2188467-06:00" endTime="2026-02-23T22:25:07.2410308-06:00" testType="13cdc9d9-ddb5-4fa4-a97d-d965ccfc6d4b" outcome="Passed" testListId="8c84fa94-04c1-424b-9868-57a2d4851a1d" relativeResultsDirectory="e977ef57-8975-4057-94e5-4ecb2fb04ce2" />
    <UnitTestResult executionId="d044688e-9a5b-4ab3-a481-2e1ac95049b2" testId="bcd30f4f-8e6a-4a7b-68b1-99a0d123721f" testName="Dungnz.Tests.InventoryDisplayRegressionTests.ShowItemDetail_AllTypesAndTiers_DoNotThrow(name: &quot;Steel Longsword&quot;, type: Weapon, tier: Uncommon, atk: 9, def: 0, mana: 0)" computerName="anthony-nobara-pc" duration="00:00:00.0000827" startTime="2026-02-23T22:25:07.1734121-06:00" endTime="2026-02-23T22:25:07.1734569-06:00" testType="13cdc9d9-ddb5-4fa4-a97d-d965ccfc6d4b" outcome="Passed" testListId="8c84fa94-04c1-424b-9868-57a2d4851a1d" relativeResultsDirectory="d044688e-9a5b-4ab3-a481-2e1ac95049b2" />
    <UnitTestResult executionId="efdb9396-dc4c-4698-82da-0f7be3c67033" testId="57fd2575-a36e-25d4-8130-f89c43696329" testName="Dungnz.Tests.LootDisplayTests.ShowGoldPickup_ShowsRunningTotal" computerName="anthony-nobara-pc" duration="00:00:00.0000944" startTime="2026-02-23T22:25:07.1633793-06:00" endTime="2026-02-23T22:25:07.1634382-06:00" testType="13cdc9d9-ddb5-4fa4-a97d-d965ccfc6d4b" outcome="Passed" testListId="8c84fa94-04c1-424b-9868-57a2d4851a1d" relativeResultsDirectory="efdb9396-dc4c-4698-82da-0f7be3c67033" />
    <UnitTestResult executionId="02192af2-0bf7-48ae-a1c7-bab9712ca53f" testId="8724fc19-5792-a6e6-d659-03ad1e133da1" testName="Dungnz.Tests.Phase1DisplayTests.CombatEngine_ImmunityFeedback_MessageAppears" computerName="anthony-nobara-pc" duration="00:00:00.0031036" startTime="2026-02-23T22:25:07.0959815-06:00" endTime="2026-02-23T22:25:07.1005103-06:00" testType="13cdc9d9-ddb5-4fa4-a97d-d965ccfc6d4b" outcome="Passed" testListId="8c84fa94-04c1-424b-9868-57a2d4851a1d" relativeResultsDirectory="02192af2-0bf7-48ae-a1c7-bab9712ca53f" />
    <UnitTestResult executionId="039b566e-07c3-4a24-a538-d3524b7e66de" testId="e0063bc0-0432-6edd-3798-9bc0d5f3bb94" testName="Dungnz.Tests.GameLoopTests.GoNorth_WhenNoExit_ShowsError" computerName="anthony-nobara-pc" duration="00:00:00.0194371" startTime="2026-02-23T22:25:07.1992774-06:00" endTime="2026-02-23T22:25:07.2186545-06:00" testType="13cdc9d9-ddb5-4fa4-a97d-d965ccfc6d4b" outcome="Passed" testListId="8c84fa94-04c1-424b-9868-57a2d4851a1d" relativeResultsDirectory="039b566e-07c3-4a24-a538-d3524b7e66de" />
    <UnitTestResult executionId="0b25c61a-6b8e-4703-a463-0f799afdca79" testId="1f86b03e-f91f-4bad-b442-790365425944" testName="Dungnz.Tests.Phase3LootPolishTests.ShowInventory_ThreeIdenticalPotions_ShowsTimesThreeMultiplier" computerName="anthony-nobara-pc" duration="00:00:00.0002231" startTime="2026-02-23T22:25:07.1575526-06:00" endTime="2026-02-23T22:25:07.1575969-06:00" testType="13cdc9d9-ddb5-4fa4-a97d-d965ccfc6d4b" outcome="Passed" testListId="8c84fa94-04c1-424b-9868-57a2d4851a1d" relativeResultsDirectory="0b25c61a-6b8e-4703-a463-0f799afdca79" />
    <UnitTestResult executionId="245b62e7-4f4c-462b-9d4b-79575db4b8a4" testId="b0549d09-e42f-521f-5bcd-85a4be8dc4b2" testName="Dungnz.Tests.CommandParserTests.UsePotion_ReturnsUse" computerName="anthony-nobara-pc" duration="00:00:00.0002970" startTime="2026-02-23T22:25:07.1158294-06:00" endTime="2026-02-23T22:25:07.1175646-06:00" testType="13cdc9d9-ddb5-4fa4-a97d-d965ccfc6d4b" outcome="Passed" testListId="8c84fa94-04c1-424b-9868-57a2d4851a1d" relativeResultsDirectory="245b62e7-4f4c-462b-9d4b-79575db4b8a4" />
[...]
    <TestEntry testId="43c1effc-1228-23b9-6bc5-8daf899c925a" executionId="5ad9f7b5-adf5-4d20-9974-f268bb0e570c" testListId="8c84fa94-04c1-424b-9868-57a2d4851a1d" />
    <TestEntry testId="49e77bad-116b-7b09-7c2c-29fdf9761609" executionId="e2d6b597-c1cd-4b4d-99b9-ca7e0d483315" testListId="8c84fa94-04c1-424b-9868-57a2d4851a1d" />
    <TestEntry testId="9c311ebd-b03c-bfb3-46d9-e6b14ab94a0b" executionId="dfd537de-6ce4-45ee-a6bc-d6f6744c7bc0" testListId="8c84fa94-04c1-424b-9868-57a2d4851a1d" />
    <TestEntry testId="34b6cd52-43cc-d229-df0d-d9efeb173fad" executionId="0be6b853-e215-4187-9f81-667e26daea02" testListId="8c84fa94-04c1-424b-9868-57a2d4851a1d" />
    <TestEntry testId="f1a1054e-7174-0ad3-489c-5db125053665" executionId="c5896125-985c-4057-847e-ac6d7f45b416" testListId="8c84fa94-04c1-424b-9868-57a2d4851a1d" />
    <TestEntry testId="fbe755fd-dee7-8480-a4b4-9e72170658f0" executionId="da03f1b5-589c-4c13-85d2-97c4f540314d" testListId="8c84fa94-04c1-424b-9868-57a2d4851a1d" />
    <TestEntry testId="eb5c0a5d-920a-38e1-bfe4-7ac1a41daa64" executionId="ac945a6c-34de-470d-bd34-26ea47997138" testListId="8c84fa94-04c1-424b-9868-57a2d4851a1d" />
    <TestEntry testId="14b114e5-33f0-af1c-0de2-f00145294b79" executionId="9bcb8ded-330d-4abc-bdb8-b235c8c2b039" testListId="8c84fa94-04c1-424b-9868-57a2d4851a1d" />
    <TestEntry testId="614017eb-c5b0-de72-7d66-4879c9595537" executionId="1ff8a06c-aa98-491b-aa8d-07a45b24404f" testListId="8c84fa94-04c1-424b-9868-57a2d4851a1d" />
    <TestEntry testId="7e73bdbb-eb57-4353-5f97-964efe6bf3a4" executionId="2fd0f834-82b0-4cb7-80bd-016822438499" testListId="8c84fa94-04c1-424b-9868-57a2d4851a1d" />
    <TestEntry testId="c5ab99e9-f89a-a96a-a9d6-82269b4b316f" executionId="819f10c5-8478-4b90-b640-addfca281fac" testListId="8c84fa94-04c1-424b-9868-57a2d4851a1d" />
    <TestEntry testId="c9ad2920-d224-f905-ca74-3c91e5fcc3eb" executionId="a2393c72-d1e4-4b14-86cf-cc7eb2f4d6bd" testListId="8c84fa94-04c1-424b-9868-57a2d4851a1d" />
    <TestEntry testId="bedba9c4-5f41-dd6b-55ef-048976a188e8" executionId="6ada1046-0668-4e84-b6c6-700f99e7a9e6" testListId="8c84fa94-04c1-424b-9868-57a2d4851a1d" />
    <TestEntry testId="9e30b22c-118a-d600-6d08-1a4b82910449" executionId="6c9d9978-daf4-4097-aaa1-f3b19156cce8" testListId="8c84fa94-04c1-424b-9868-57a2d4851a1d" />
    <TestEntry testId="4b7cc488-8669-f422-8d28-ac2e16b3e06c" executionId="c88d8560-4828-405b-86f2-03ef31dce12b" testListId="8c84fa94-04c1-424b-9868-57a2d4851a1d" />
    <TestEntry testId="062598ff-a03a-63b1-919e-764ad8ac2e53" executionId="881aa2d3-58c4-47a2-a9b7-9dd92fcd9d40" testListId="8c84fa94-04c1-424b-9868-57a2d4851a1d" />
    <TestEntry testId="14a11462-8d9f-4e6c-93bd-28a33ea059f4" executionId="11cfb45e-f736-4714-b5e5-af4374db6caf" testListId="8c84fa94-04c1-424b-9868-57a2d4851a1d" />
    <TestEntry testId="0f3accf2-34d0-f0ff-58a8-991651b0349a" executionId="8fbe9edb-130e-4cd9-8a21-ba72cee2b6ac" testListId="8c84fa94-04c1-424b-9868-57a2d4851a1d" />
    <TestEntry testId="498d7282-85b1-6f4b-9c06-d144de6259b0" executionId="c1fbee33-d6b5-4ae9-b684-70c35fc17189" testListId="8c84fa94-04c1-424b-9868-57a2d4851a1d" />
    <TestEntry testId="22f03d83-c112-6333-8b4f-3887d60960a6" executionId="498ad7b3-17f6-4330-9a76-321d3fa379a0" testListId="8c84fa94-04c1-424b-9868-57a2d4851a1d" />
    <TestEntry testId="baa9135b-4ace-34c1-3ae8-0aa472d9e890" executionId="4a3cb753-8c26-4ca7-a916-b19497ee80ff" testListId="8c84fa94-04c1-424b-9868-57a2d4851a1d" />
    <TestEntry testId="ca9c0df5-a0f8-faa5-98a3-de41b12dc59c" executionId="4889a179-e86a-4fef-a29d-92e87dd6b3f9" testListId="8c84fa94-04c1-424b-9868-57a2d4851a1d" />
    <TestEntry testId="ce74267b-ead3-5560-c5d9-e94c7e08f35d" executionId="3bc0b335-e81e-4081-b147-afabfd628e0a" testListId="8c84fa94-04c1-424b-9868-57a2d4851a1d" />
    <TestEntry testId="163f73d9-4b81-56f4-017f-1e3b513b9c23" executionId="d4540cca-3c8d-4c50-8910-f4a90780cf77" testListId="8c84fa94-04c1-424b-9868-57a2d4851a1d" />
    <TestEntry testId="8cc87741-19ca-5024-0b38-697843b1469f" executionId="04b45584-af61-479b-9dbd-e360e4f7b0d8" testListId="8c84fa94-04c1-424b-9868-57a2d4851a1d" />
    <TestEntry testId="b1274719-7a7c-64eb-2487-98865d2933a0" executionId="89d17bd4-7842-4c82-bf76-1133dd7494c7" testListId="8c84fa94-04c1-424b-9868-57a2d4851a1d" />
    <TestEntry testId="d49e5a5d-3206-b056-bf75-cd6d614e65b2" executionId="d37e774a-c712-4934-acd1-b8b9cf642ab8" testListId="8c84fa94-04c1-424b-9868-57a2d4851a1d" />
    <TestEntry testId="8d8bda32-a74c-4559-6c7c-64b9c8daada7" executionId="741393f0-7e5e-478f-8e55-41350f259cf8" testListId="8c84fa94-04c1-424b-9868-57a2d4851a1d" />
    <TestEntry testId="006f2e51-d41f-4c90-e153-2906b8ccad7f" executionId="eae28628-7ea6-47d2-8470-f12c9c8c5286" testListId="8c84fa94-04c1-424b-9868-57a2d4851a1d" />
    <TestEntry testId="79fafa18-2d97-bcd1-976c-adba514f6c6f" executionId="75d87f51-d385-4ce0-8517-caad9e16565b" testListId="8c84fa94-04c1-424b-9868-57a2d4851a1d" />
    <TestEntry testId="a7e78053-beb0-728f-7fd2-4da0141997f3" executionId="6a9a7c11-e491-4968-9564-45210b151f7c" testListId="8c84fa94-04c1-424b-9868-57a2d4851a1d" />
    <TestEntry testId="2a1d11e7-fd33-ecc1-68c0-349735344e8e" executionId="18486ced-fa65-4813-a243-52b8bae721b3" testListId="8c84fa94-04c1-424b-9868-57a2d4851a1d" />
    <TestEntry testId="e47f55f2-2ee7-1933-0d5d-13035d9657ec" executionId="c046ec20-dba0-4745-9c13-5828350ede1a" testListId="8c84fa94-04c1-424b-9868-57a2d4851a1d" />
    <TestEntry testId="258382aa-df5f-0805-dfaf-95a922143621" executionId="ea43a479-608e-4c36-9347-b64b27c28088" testListId="8c84fa94-04c1-424b-9868-57a2d4851a1d" />
    <TestEntry testId="2a5d406f-94cd-db4d-b8e8-3e059b410f36" executionId="cb965d38-bc3f-4d3d-8b0f-04bcf73c1327" testListId="8c84fa94-04c1-424b-9868-57a2d4851a1d" />
    <TestEntry testId="9235e8a5-e460-4078-2887-54bc0a329f53" executionId="62d8d651-6f3e-48a6-99e9-fc773c185f41" testListId="8c84fa94-04c1-424b-9868-57a2d4851a1d" />
    <TestEntry testId="c803e5e5-78f2-c505-6fd4-c7aeeccdd6fc" executionId="525f44cc-0736-40bd-a875-f2c0f29d17a4" testListId="8c84fa94-04c1-424b-9868-57a2d4851a1d" />
    <TestEntry testId="071d6886-96ab-671e-011c-aa6fa190424e" executionId="3826471d-d4a4-46d0-9d4f-81e049a80d7e" testListId="8c84fa94-04c1-424b-9868-57a2d4851a1d" />
    <TestEntry testId="67977952-417a-c89b-7dc3-d9b60e515133" executionId="3a9642e8-5d76-424f-a5cc-06964bf77861" testListId="8c84fa94-04c1-424b-9868-57a2d4851a1d" />
    <TestEntry testId="9f3d536e-3f8d-543f-522d-bdef650d92b1" executionId="ccd98ff4-0bab-4071-88e6-7320addc04e6" testListId="8c84fa94-04c1-424b-9868-57a2d4851a1d" />
    <TestEntry testId="d773176e-310b-fc8c-39db-2dc4340b3fbe" executionId="fe19df5e-8178-410a-b6ff-9f863f0bc35e" testListId="8c84fa94-04c1-424b-9868-57a2d4851a1d" />
    <TestEntry testId="b8664942-8bcf-f092-7424-6683d17fef2f" executionId="4f6e7c3a-0ace-4b39-8b25-f223261c022f" testListId="8c84fa94-04c1-424b-9868-57a2d4851a1d" />
    <TestEntry testId="026a1ac9-03b6-0781-3da6-01117f07f18a" executionId="cd110e55-224e-4ea1-8b2c-173536e04f06" testListId="8c84fa94-04c1-424b-9868-57a2d4851a1d" />
    <TestEntry testId="3aa43294-ed01-75f6-aeb7-9df84bb7424a" executionId="a1fc55d1-e314-467a-9ba4-40efde9e8e07" testListId="8c84fa94-04c1-424b-9868-57a2d4851a1d" />
    <TestEntry testId="d5893472-e703-1d0d-1910-e141ae511232" executionId="4ed025aa-fb36-4ec0-abb2-d03d879f4820" testListId="8c84fa94-04c1-424b-9868-57a2d4851a1d" />
    <TestEntry testId="11252d02-4d5f-09fd-2089-b485023de589" executionId="77fccb44-02be-419a-9826-15d8296aeb20" testListId="8c84fa94-04c1-424b-9868-57a2d4851a1d" />
    <TestEntry testId="1bfacf80-304e-7a8d-95f2-eb64d318a3e3" executionId="e7585f06-6055-47b5-85f5-723344f3a2b8" testListId="8c84fa94-04c1-424b-9868-57a2d4851a1d" />
    <TestEntry testId="11815c4e-c8a7-1f78-81f4-d441589cf38e" executionId="8a7f6438-93bc-4f47-a529-bd0953952b6f" testListId="8c84fa94-04c1-424b-9868-57a2d4851a1d" />
    <TestEntry testId="866d190c-dc65-b5ad-700d-d1be6c59656d" executionId="f8930f28-2d89-4ce0-b0d4-a17c6585f9a6" testListId="8c84fa94-04c1-424b-9868-57a2d4851a1d" />
    <TestEntry testId="a50d8009-164d-d0cb-cd13-700180d58d9f" executionId="e47b0c35-1b1e-4344-8666-a7c502468e92" testListId="8c84fa94-04c1-424b-9868-57a2d4851a1d" />
    <TestEntry testId="e42b182a-4cc5-9313-671e-025825746b32" executionId="9edcc757-5135-4cff-b2e7-cc4cc7d68ba6" testListId="8c84fa94-04c1-424b-9868-57a2d4851a1d" />
    <TestEntry testId="69836b11-7932-d763-123e-a1805d6b9c10" executionId="d323e5dc-6454-40cb-b2fa-19b1032b6b49" testListId="8c84fa94-04c1-424b-9868-57a2d4851a1d" />
    <TestEntry testId="4f156b8d-7ec1-443c-3302-7a33da9cf183" executionId="982622df-217e-4222-a665-1e34597d33e5" testListId="8c84fa94-04c1-424b-9868-57a2d4851a1d" />
    <TestEntry testId="ecb19ec8-bdf8-9e41-a325-70a88ef56195" executionId="2ec67aab-eca1-4219-86f4-42c85e369211" testListId="8c84fa94-04c1-424b-9868-57a2d4851a1d" />
    <TestEntry testId="a423d6a1-bdd7-f599-5e3e-cc8c8e3d2e61" executionId="e2488cec-dd38-4314-82e0-ebfc5f290bc0" testListId="8c84fa94-04c1-424b-9868-57a2d4851a1d" />
    <TestEntry testId="946236b2-8b47-1439-dc5b-c3994badf509" executionId="841167b2-0901-4fa3-81f9-6680cee43e41" testListId="8c84fa94-04c1-424b-9868-57a2d4851a1d" />
    <TestEntry testId="1d20a564-38d4-8aa2-f514-9faa961dd286" executionId="0ce2924f-2462-42cb-9c34-5dbeea412686" testListId="8c84fa94-04c1-424b-9868-57a2d4851a1d" />
    <TestEntry testId="c0a85bc1-9fb8-d8bd-f010-a6ff999209cf" executionId="628089c6-becd-4b7d-a98a-af67732cb209" testListId="8c84fa94-04c1-424b-9868-57a2d4851a1d" />
    <TestEntry testId="eb67be8a-bc43-e06b-2c8f-25d70eb2474f" executionId="92749de3-0a42-48dd-b350-87259965d0f1" testListId="8c84fa94-04c1-424b-9868-57a2d4851a1d" />
    <TestEntry testId="07584561-13e5-f635-aa9c-5ff970348aab" executionId="3b9fc828-4833-4ac5-bc67-6fc4fc0f073a" testListId="8c84fa94-04c1-424b-9868-57a2d4851a1d" />
    <TestEntry testId="04e7d65f-6e3b-513f-8cfd-9fdb4fb33c52" executionId="4b5ad16b-01e3-4bda-b30b-6fc982257cef" testListId="8c84fa94-04c1-424b-9868-57a2d4851a1d" />
    <TestEntry testId="a119fd1c-5157-fd7b-85fe-7b7852872e9e" executionId="8cfce46a-644e-4cf4-b441-390490aa4eaf" testListId="8c84fa94-04c1-424b-9868-57a2d4851a1d" />
    <TestEntry testId="5e502cb0-7190-9db0-90c9-0c44e679f085" executionId="defa537c-a1ab-4cff-b35e-3cdb7f513df4" testListId="8c84fa94-04c1-424b-9868-57a2d4851a1d" />
    <TestEntry testId="fe3debf9-aed1-6059-5798-57c5830544e6" executionId="6e58569a-1e30-4391-81fc-f6e321141481" testListId="8c84fa94-04c1-424b-9868-57a2d4851a1d" />
    <TestEntry testId="8b6f1bae-a6b1-519b-b74f-af37d9a813f3" executionId="931f2a65-03b1-4d54-a331-6f498aa051aa" testListId="8c84fa94-04c1-424b-9868-57a2d4851a1d" />
    <TestEntry testId="e5c5c961-2b2b-bbc7-19d0-1f9111b83ddd" executionId="e09e0867-ed74-4793-bd62-65409665b471" testListId="8c84fa94-04c1-424b-9868-57a2d4851a1d" />
    <TestEntry testId="161636f6-4236-6ad7-b22d-4b9b00e95344" executionId="d4fd6ec6-88b0-4a0f-85d8-2767f66d9cde" testListId="8c84fa94-04c1-424b-9868-57a2d4851a1d" />
    <TestEntry testId="599035de-fe99-ebba-2a16-5183975a81df" executionId="1dd4287c-e0c5-41f2-8509-e5d18c7cf030" testListId="8c84fa94-04c1-424b-9868-57a2d4851a1d" />
    <TestEntry testId="b1407883-8c69-cffb-ba4a-1268ce2c91fb" executionId="399a4d70-a9ae-4f7b-98f9-16bf76d5be05" testListId="8c84fa94-04c1-424b-9868-57a2d4851a1d" />
    <TestEntry testId="7fe3ef9b-75a9-02ae-35be-19660af4ce22" executionId="ad9f1cac-1597-4bd6-96e2-03a19ff0ab62" testListId="8c84fa94-04c1-424b-9868-57a2d4851a1d" />
    <TestEntry testId="3918ad28-219a-d890-4ca5-9dd07f7214d1" executionId="1b0b930e-e52b-4206-9b8b-e57711335f67" testListId="8c84fa94-04c1-424b-9868-57a2d4851a1d" />
    <TestEntry testId="b2d4d4ca-0ee4-935d-57ce-a2bccb4166eb" executionId="80f57f9b-e86e-4103-8621-94a41753b141" testListId="8c84fa94-04c1-424b-9868-57a2d4851a1d" />
    <TestEntry testId="a94c9bde-aa48-c94c-5443-244d9cf44f73" executionId="676bf828-513e-48fb-8eaf-6b1664cee4d8" testListId="8c84fa94-04c1-424b-9868-57a2d4851a1d" />
    <TestEntry testId="1ba4d9ac-b341-3632-6561-d281bd43ac18" executionId="f6a1e9fa-7d55-4328-98e2-bd41ab272b3d" testListId="8c84fa94-04c1-424b-9868-57a2d4851a1d" />
    <TestEntry testId="76ebae8a-4c07-e420-3562-c7dc403deeb1" executionId="d54b0d1d-75ed-4980-8e1a-8fbda1cb0dbc" testListId="8c84fa94-04c1-424b-9868-57a2d4851a1d" />
    <TestEntry testId="a83fdaf7-ee69-dafa-f800-8e514c863e5e" executionId="8168d324-4935-438d-aaf2-d677960fa72f" testListId="8c84fa94-04c1-424b-9868-57a2d4851a1d" />
    <TestEntry testId="446b1994-bec8-2a5c-6d98-70687b05b488" executionId="c76f4e02-cc20-49aa-95f1-d8409c9c25e4" testListId="8c84fa94-04c1-424b-9868-57a2d4851a1d" />
    <TestEntry testId="a582f923-26a7-0e46-d7b6-5242eba820b1" executionId="08367e18-b7c3-416f-bf11-cc3098a6cc52" testListId="8c84fa94-04c1-424b-9868-57a2d4851a1d" />
    <TestEntry testId="9e960dc5-8d31-38c0-68bb-7522420c555d" executionId="d0d9d4f5-cda7-414e-ac9d-fd4ec39a407a" testListId="8c84fa94-04c1-424b-9868-57a2d4851a1d" />
    <TestEntry testId="5eb33774-e52f-6a84-35e3-0ef8504ebee2" executionId="4955b83a-46c4-446e-85c4-82f5f2994318" testListId="8c84fa94-04c1-424b-9868-57a2d4851a1d" />
    <TestEntry testId="fd4fc3ad-1083-eeb5-eec5-bf76c5a03068" executionId="e2859b22-9930-4c3f-b6c7-a0305638de4d" testListId="8c84fa94-04c1-424b-9868-57a2d4851a1d" />
    <TestEntry testId="d95b1e8e-f2fb-c659-e01a-83846b6034f7" executionId="cb31767b-5e50-4897-8fba-b9f1ad5f255e" testListId="8c84fa94-04c1-424b-9868-57a2d4851a1d" />
    <TestEntry testId="53a0d6ca-e456-970b-02e7-b7994d57782e" executionId="f4e6aa99-20dd-4431-9589-a8f3379d6eb1" testListId="8c84fa94-04c1-424b-9868-57a2d4851a1d" />
    <TestEntry testId="e8f3f631-fec8-e28e-49a4-7f9a8d22eed7" executionId="2729cbd1-47a9-4bf6-8060-77106164145f" testListId="8c84fa94-04c1-424b-9868-57a2d4851a1d" />
    <TestEntry testId="0e52601a-3b75-1c2f-7a65-42512570288e" executionId="a5370656-28ac-43fb-a79d-019fb1ad55d6" testListId="8c84fa94-04c1-424b-9868-57a2d4851a1d" />
    <TestEntry testId="71cb948d-0809-f3e0-1936-07199d438684" executionId="8611c8f1-24aa-4601-9a7c-b2645d0c05b4" testListId="8c84fa94-04c1-424b-9868-57a2d4851a1d" />
    <TestEntry testId="17aedb9d-ea54-60d7-b5c7-b08fcedffe9d" executionId="d07fac69-0e0f-4253-a963-f2feec2a6594" testListId="8c84fa94-04c1-424b-9868-57a2d4851a1d" />
    <TestEntry testId="34806cde-9d77-b047-9472-1f3c68697e2f" executionId="46fa43e0-3240-406a-ad98-44e529957015" testListId="8c84fa94-04c1-424b-9868-57a2d4851a1d" />
    <TestEntry testId="c6910dfc-5f3d-d66a-3ac2-fabf826f6ba9" executionId="45efc2d7-d783-411b-8031-54be659e569e" testListId="8c84fa94-04c1-424b-9868-57a2d4851a1d" />
    <TestEntry testId="cc77a1ec-f934-8304-a6a9-c8de80cb19fa" executionId="81c0b779-30d9-43e8-ac26-5a90782a1bd2" testListId="8c84fa94-04c1-424b-9868-57a2d4851a1d" />
    <TestEntry testId="8913d973-ab75-08fe-d0be-0679f9efcb6d" executionId="522707c7-88fb-41ef-a7a5-4959f5c98087" testListId="8c84fa94-04c1-424b-9868-57a2d4851a1d" />
    <TestEntry testId="39d76afc-c2e6-944b-9a4b-55d8a93c7c4e" executionId="f4703976-e49f-41ce-96ac-3bc341657cad" testListId="8c84fa94-04c1-424b-9868-57a2d4851a1d" />
    <TestEntry testId="d928ec86-34f1-0b75-e84e-5227550000af" executionId="01d89f25-f750-4486-a1af-273a913c1fe8" testListId="8c84fa94-04c1-424b-9868-57a2d4851a1d" />
    <TestEntry testId="be6a48e3-8408-1e4b-563f-0c789c391249" executionId="50130203-9e44-4f1e-8d82-d4c313248bfb" testListId="8c84fa94-04c1-424b-9868-57a2d4851a1d" />
    <TestEntry testId="18c10cf3-6470-9a1a-11b3-58455ba273e7" executionId="9ac3578f-dae0-4470-b0eb-5591ac24ad9d" testListId="8c84fa94-04c1-424b-9868-57a2d4851a1d" />
    <TestEntry testId="6dd851e5-bc84-a50e-41a0-82a20cc6152d" executionId="b015b0b2-8fa4-4235-a101-1234ac960f98" testListId="8c84fa94-04c1-424b-9868-57a2d4851a1d" />
    <TestEntry testId="38b508ee-7c05-cc41-face-ede1014af67a" executionId="a637565c-1297-471e-b68f-f7102ebb6878" testListId="8c84fa94-04c1-424b-9868-57a2d4851a1d" />
    <TestEntry testId="a7351a28-8c87-a2f5-aa1d-6c574d759f10" executionId="7c93cd91-19b4-456d-8459-221e963afa8c" testListId="8c84fa94-04c1-424b-9868-57a2d4851a1d" />
    <TestEntry testId="375119c2-c309-3136-d4a0-b01c9c63f1fc" executionId="3394e09a-3c90-4ca7-96ac-3d7cefd8a3bc" testListId="8c84fa94-04c1-424b-9868-57a2d4851a1d" />
    <TestEntry testId="57e0b958-e4ae-ef88-a677-ed8dc5f46b08" executionId="f8ec52ce-0b6f-4a17-bde9-6b4a9786808f" testListId="8c84fa94-04c1-424b-9868-57a2d4851a1d" />
    <TestEntry testId="c45e4522-ddea-e2e7-4a41-26c6d0c334f9" executionId="6e6e58e9-7b19-4d60-b6df-79469d434946" testListId="8c84fa94-04c1-424b-9868-57a2d4851a1d" />
    <TestEntry testId="c3569113-7ffa-9cb2-d594-8994dc6928e8" executionId="0983cae5-93be-4e1e-92e7-815dd0d6de5f" testListId="8c84fa94-04c1-424b-9868-57a2d4851a1d" />
    <TestEntry testId="ae96c660-ce76-c281-2a65-558679036365" executionId="64ba452c-79f2-4ff0-9814-33b2cc6fdf1b" testListId="8c84fa94-04c1-424b-9868-57a2d4851a1d" />
    <TestEntry testId="10315e4d-ed23-330c-21f0-cb196a729cfb" executionId="03ae9d7c-bc50-4918-9936-d2913ed3ca20" testListId="8c84fa94-04c1-424b-9868-57a2d4851a1d" />
    <TestEntry testId="582b3dc6-878f-68a5-0285-0215ad56134c" executionId="df9c6d87-ed89-4345-8188-2846afca7e3b" testListId="8c84fa94-04c1-424b-9868-57a2d4851a1d" />
    <TestEntry testId="9470491f-fa4f-e34f-372e-635a7188812e" executionId="7be1317f-23f5-4b86-a0dd-8cce43395004" testListId="8c84fa94-04c1-424b-9868-57a2d4851a1d" />
    <TestEntry testId="32d1a4fa-bc08-fe2a-99d6-f3fd76837040" executionId="7d3c1b83-47ac-4641-b48e-bf4f995a6480" testListId="8c84fa94-04c1-424b-9868-57a2d4851a1d" />
    <TestEntry testId="990ac482-198f-5eb2-c247-bdcdcf20af23" executionId="a110242c-955c-45af-8193-004d892bee2c" testListId="8c84fa94-04c1-424b-9868-57a2d4851a1d" />
    <TestEntry testId="ff15f9e8-1d29-5793-f974-1cf43e77e92f" executionId="1bf2f352-a318-4c8b-b8fd-fb0b5d43c8e4" testListId="8c84fa94-04c1-424b-9868-57a2d4851a1d" />
    <TestEntry testId="18847e27-be81-9056-71b1-56b9f25a774f" executionId="0c02ea20-ab60-4f6d-b4ef-97859d38d93b" testListId="8c84fa94-04c1-424b-9868-57a2d4851a1d" />
    <TestEntry testId="b7b8afa3-6d7b-7fd4-2fe2-25d34c0b4f0f" executionId="16dc1aa3-780a-4f1b-8738-f74e590e82c2" testListId="8c84fa94-04c1-424b-9868-57a2d4851a1d" />
    <TestEntry testId="5595f180-bc1b-57a4-2100-6098c80aaafe" executionId="da0096eb-14d5-45e0-b935-68a0b6740dee" testListId="8c84fa94-04c1-424b-9868-57a2d4851a1d" />
    <TestEntry testId="9d080f39-d425-9dd0-6494-399717bff23b" executionId="ca55b52e-8d61-4113-8246-f7f3585871c2" testListId="8c84fa94-04c1-424b-9868-57a2d4851a1d" />
    <TestEntry testId="49763be1-32be-f3b5-e855-b381386c1c4d" executionId="3ab71138-0655-4ea9-bd65-108c55048075" testListId="8c84fa94-04c1-424b-9868-57a2d4851a1d" />
    <TestEntry testId="016f8d9e-7fb4-d13c-95f5-8f0f89dd5d10" executionId="baaf592b-2cc7-426f-b7c2-860c7cdb6cdf" testListId="8c84fa94-04c1-424b-9868-57a2d4851a1d" />
  </TestEntries>
  <TestLists>
    <TestList name="Results Not in a List" id="8c84fa94-04c1-424b-9868-57a2d4851a1d" />
    <TestList name="All Loaded Results" id="19431567-8539-422a-85d7-44ee4e166bda" />
  </TestLists>
  <ResultSummary outcome="Completed">
    <Counters total="431" executed="431" passed="431" failed="0" error="0" timeout="0" aborted="0" inconclusive="0" passedButRunAborted="0" notRunnable="0" notExecuted="0" disconnected="0" warning="0" completed="0" inProgress="0" pending="0" />
    <Output>
      <StdOut>[xUnit.net 00:00:00.00] xUnit.net VSTest Adapter v3.1.4+50e68bbb8b (64-bit .NET 10.0.2)
[xUnit.net 00:00:00.08]   Discovering: Dungnz.Tests
[xUnit.net 00:00:00.16]   Discovered:  Dungnz.Tests
[xUnit.net 00:00:00.21]   Starting:    Dungnz.Tests
[xUnit.net 00:00:00.79]   Finished:    Dungnz.Tests
</StdOut>
    </Output>
  </ResultSummary>
</TestRun>